2023-06-06 19:35:25,639 INFO Starting script
2023-06-06 19:35:34,293 ERROR Error sending request to server
2023-06-06 19:35:34,293 ERROR Query https://data.welldata.net/api/v1/jobs/net_178738/reports/daily/2
2023-06-06 19:35:34,293 ERROR Parameters {}
2023-06-06 19:35:34,293 ERROR Headers {'Token': 'net,eyJ0eXAiOiJKV1QiLCJhbGciOiJIUzI1NiJ9.eyJzYWx0IjoiZjA2NDgzNDktY2Q1Ny00MTU5LWFmMGYtMWVlMWQ4ZDJlMWFkIiwicHJpbmNpcGFsIjoiMjA3NDh8MjIyNHw0OjEyOjEzOjE0OjE1OjE4OjE5OjIxOjIyOjIzOjI0OjI1OjI2OjI3OjI4OjI5OjMwfERXUmlnQWN0aXZpdHl8ZW4tVVN8b3RoZXIgICAgICAgICAgfHVzZXJ8MzAiLCJ1c2VySUQiOjIwNzQ4LCJ1c2VybmFtZSI6IkRXUmlnQWN0aXZpdHkiLCJhcHBsaWNhdGlvbiI6bnVsbCwiYXBwbGljYXRpb25HVUlEIjoiMDdjZDYwOGItZjRiOC00ZGEwLWJhZGMtODc3YTQxMTQxMzhjIiwidXNlcklQIjoiMTcyLjE2LjE2Ljg0IiwiZGV2aWNlTmFtZSI6bnVsbH0.X5v-tPkvlnkS_O6LHIuxLGIoEUskT0skRe5e84k_OCk', 'accept': 'application/json'}
2023-06-06 19:35:34,294 ERROR Response <Response [200]>
2023-06-06 19:35:34,294 ERROR Sleeping for 1 seconds
2023-06-06 19:36:10,874 ERROR Error sending request to server
2023-06-06 19:36:10,874 ERROR Query https://data.welldata.net/api/v1/jobs/net_181105/reports/daily/2
2023-06-06 19:36:10,875 ERROR Parameters {}
2023-06-06 19:36:10,875 ERROR Headers {'Token': 'net,eyJ0eXAiOiJKV1QiLCJhbGciOiJIUzI1NiJ9.eyJzYWx0IjoiZjA2NDgzNDktY2Q1Ny00MTU5LWFmMGYtMWVlMWQ4ZDJlMWFkIiwicHJpbmNpcGFsIjoiMjA3NDh8MjIyNHw0OjEyOjEzOjE0OjE1OjE4OjE5OjIxOjIyOjIzOjI0OjI1OjI2OjI3OjI4OjI5OjMwfERXUmlnQWN0aXZpdHl8ZW4tVVN8b3RoZXIgICAgICAgICAgfHVzZXJ8MzAiLCJ1c2VySUQiOjIwNzQ4LCJ1c2VybmFtZSI6IkRXUmlnQWN0aXZpdHkiLCJhcHBsaWNhdGlvbiI6bnVsbCwiYXBwbGljYXRpb25HVUlEIjoiMDdjZDYwOGItZjRiOC00ZGEwLWJhZGMtODc3YTQxMTQxMzhjIiwidXNlcklQIjoiMTcyLjE2LjE2Ljg0IiwiZGV2aWNlTmFtZSI6bnVsbH0.X5v-tPkvlnkS_O6LHIuxLGIoEUskT0skRe5e84k_OCk', 'accept': 'application/json'}
2023-06-06 19:36:10,875 ERROR Response <Response [200]>
2023-06-06 19:36:10,875 ERROR Sleeping for 1 seconds
2023-06-06 19:36:38,164 ERROR Error sending request to server
2023-06-06 19:36:38,164 ERROR Query https://data.welldata.net/api/v1/jobs/net_181598/reports/daily/2
2023-06-06 19:36:38,164 ERROR Parameters {}
2023-06-06 19:36:38,164 ERROR Headers {'Token': 'net,eyJ0eXAiOiJKV1QiLCJhbGciOiJIUzI1NiJ9.eyJzYWx0IjoiZjA2NDgzNDktY2Q1Ny00MTU5LWFmMGYtMWVlMWQ4ZDJlMWFkIiwicHJpbmNpcGFsIjoiMjA3NDh8MjIyNHw0OjEyOjEzOjE0OjE1OjE4OjE5OjIxOjIyOjIzOjI0OjI1OjI2OjI3OjI4OjI5OjMwfERXUmlnQWN0aXZpdHl8ZW4tVVN8b3RoZXIgICAgICAgICAgfHVzZXJ8MzAiLCJ1c2VySUQiOjIwNzQ4LCJ1c2VybmFtZSI6IkRXUmlnQWN0aXZpdHkiLCJhcHBsaWNhdGlvbiI6bnVsbCwiYXBwbGljYXRpb25HVUlEIjoiMDdjZDYwOGItZjRiOC00ZGEwLWJhZGMtODc3YTQxMTQxMzhjIiwidXNlcklQIjoiMTcyLjE2LjE2Ljg0IiwiZGV2aWNlTmFtZSI6bnVsbH0.X5v-tPkvlnkS_O6LHIuxLGIoEUskT0skRe5e84k_OCk', 'accept': 'application/json'}
2023-06-06 19:36:38,164 ERROR Response <Response [200]>
2023-06-06 19:36:38,164 ERROR Sleeping for 1 seconds
2023-06-06 19:36:44,327 ERROR Error sending request to server
2023-06-06 19:36:44,328 ERROR Query https://data.welldata.net/api/v1/jobs/net_181676/reports/daily/2
2023-06-06 19:36:44,328 ERROR Parameters {}
2023-06-06 19:36:44,328 ERROR Headers {'Token': 'net,eyJ0eXAiOiJKV1QiLCJhbGciOiJIUzI1NiJ9.eyJzYWx0IjoiZjA2NDgzNDktY2Q1Ny00MTU5LWFmMGYtMWVlMWQ4ZDJlMWFkIiwicHJpbmNpcGFsIjoiMjA3NDh8MjIyNHw0OjEyOjEzOjE0OjE1OjE4OjE5OjIxOjIyOjIzOjI0OjI1OjI2OjI3OjI4OjI5OjMwfERXUmlnQWN0aXZpdHl8ZW4tVVN8b3RoZXIgICAgICAgICAgfHVzZXJ8MzAiLCJ1c2VySUQiOjIwNzQ4LCJ1c2VybmFtZSI6IkRXUmlnQWN0aXZpdHkiLCJhcHBsaWNhdGlvbiI6bnVsbCwiYXBwbGljYXRpb25HVUlEIjoiMDdjZDYwOGItZjRiOC00ZGEwLWJhZGMtODc3YTQxMTQxMzhjIiwidXNlcklQIjoiMTcyLjE2LjE2Ljg0IiwiZGV2aWNlTmFtZSI6bnVsbH0.X5v-tPkvlnkS_O6LHIuxLGIoEUskT0skRe5e84k_OCk', 'accept': 'application/json'}
2023-06-06 19:36:44,328 ERROR Response <Response [200]>
2023-06-06 19:36:44,328 ERROR Sleeping for 1 seconds
2023-06-06 19:37:29,541 ERROR Error sending request to server
2023-06-06 19:37:29,542 ERROR Query https://data.welldata.net/api/v1/jobs/net_182118/reports/daily/2
2023-06-06 19:37:29,542 ERROR Parameters {}
2023-06-06 19:37:29,542 ERROR Headers {'Token': 'net,eyJ0eXAiOiJKV1QiLCJhbGciOiJIUzI1NiJ9.eyJzYWx0IjoiZjA2NDgzNDktY2Q1Ny00MTU5LWFmMGYtMWVlMWQ4ZDJlMWFkIiwicHJpbmNpcGFsIjoiMjA3NDh8MjIyNHw0OjEyOjEzOjE0OjE1OjE4OjE5OjIxOjIyOjIzOjI0OjI1OjI2OjI3OjI4OjI5OjMwfERXUmlnQWN0aXZpdHl8ZW4tVVN8b3RoZXIgICAgICAgICAgfHVzZXJ8MzAiLCJ1c2VySUQiOjIwNzQ4LCJ1c2VybmFtZSI6IkRXUmlnQWN0aXZpdHkiLCJhcHBsaWNhdGlvbiI6bnVsbCwiYXBwbGljYXRpb25HVUlEIjoiMDdjZDYwOGItZjRiOC00ZGEwLWJhZGMtODc3YTQxMTQxMzhjIiwidXNlcklQIjoiMTcyLjE2LjE2Ljg0IiwiZGV2aWNlTmFtZSI6bnVsbH0.X5v-tPkvlnkS_O6LHIuxLGIoEUskT0skRe5e84k_OCk', 'accept': 'application/json'}
2023-06-06 19:37:29,542 ERROR Response <Response [200]>
2023-06-06 19:37:29,542 ERROR Sleeping for 1 seconds
2023-06-06 19:38:10,460 INFO Starting script
2023-06-07 06:23:44,549 INFO Starting script
2023-06-07 06:24:03,290 INFO Starting script
2023-06-07 06:24:14,381 ERROR Error sending request to server
2023-06-07 06:24:14,381 ERROR Query https://data.welldata.net/api/v1/jobs/net_178738/reports/daily/2
2023-06-07 06:24:14,381 ERROR Parameters {}
2023-06-07 06:24:14,382 ERROR Headers {'Token': 'net,eyJ0eXAiOiJKV1QiLCJhbGciOiJIUzI1NiJ9.eyJzYWx0IjoiMzZmYjFhMTktMTU1Yi00NjBiLWIxYmQtOTE4NDRlMTgzMTA4IiwicHJpbmNpcGFsIjoiMjA3NDh8MjIyNHw0OjEyOjEzOjE0OjE1OjE4OjE5OjIxOjIyOjIzOjI0OjI1OjI2OjI3OjI4OjI5OjMwfERXUmlnQWN0aXZpdHl8ZW4tVVN8b3RoZXIgICAgICAgICAgfHVzZXJ8MzAiLCJ1c2VySUQiOjIwNzQ4LCJ1c2VybmFtZSI6IkRXUmlnQWN0aXZpdHkiLCJhcHBsaWNhdGlvbiI6bnVsbCwiYXBwbGljYXRpb25HVUlEIjoiMDdjZDYwOGItZjRiOC00ZGEwLWJhZGMtODc3YTQxMTQxMzhjIiwidXNlcklQIjoiMTcyLjE2LjE2Ljg0IiwiZGV2aWNlTmFtZSI6bnVsbH0.nLzmCBCCKZq_vL48J6AisOTtaDhmFNLnvqgNDDa_cQo', 'accept': 'application/json'}
2023-06-07 06:24:14,382 ERROR Response <Response [200]>
2023-06-07 06:24:14,382 ERROR Sleeping for 1 seconds
2023-06-07 06:25:03,017 ERROR Error sending request to server
2023-06-07 06:25:03,017 ERROR Query https://data.welldata.net/api/v1/jobs/net_181105/reports/daily/2
2023-06-07 06:25:03,017 ERROR Parameters {}
2023-06-07 06:25:03,017 ERROR Headers {'Token': 'net,eyJ0eXAiOiJKV1QiLCJhbGciOiJIUzI1NiJ9.eyJzYWx0IjoiMzZmYjFhMTktMTU1Yi00NjBiLWIxYmQtOTE4NDRlMTgzMTA4IiwicHJpbmNpcGFsIjoiMjA3NDh8MjIyNHw0OjEyOjEzOjE0OjE1OjE4OjE5OjIxOjIyOjIzOjI0OjI1OjI2OjI3OjI4OjI5OjMwfERXUmlnQWN0aXZpdHl8ZW4tVVN8b3RoZXIgICAgICAgICAgfHVzZXJ8MzAiLCJ1c2VySUQiOjIwNzQ4LCJ1c2VybmFtZSI6IkRXUmlnQWN0aXZpdHkiLCJhcHBsaWNhdGlvbiI6bnVsbCwiYXBwbGljYXRpb25HVUlEIjoiMDdjZDYwOGItZjRiOC00ZGEwLWJhZGMtODc3YTQxMTQxMzhjIiwidXNlcklQIjoiMTcyLjE2LjE2Ljg0IiwiZGV2aWNlTmFtZSI6bnVsbH0.nLzmCBCCKZq_vL48J6AisOTtaDhmFNLnvqgNDDa_cQo', 'accept': 'application/json'}
2023-06-07 06:25:03,017 ERROR Response <Response [200]>
2023-06-07 06:25:03,018 ERROR Sleeping for 1 seconds
2023-06-07 06:26:35,953 ERROR Error sending request to server
2023-06-07 06:26:35,953 ERROR Query https://data.welldata.net/api/v1/jobs/net_181598/reports/daily/2
2023-06-07 06:26:35,953 ERROR Parameters {}
2023-06-07 06:26:35,953 ERROR Headers {'Token': 'net,eyJ0eXAiOiJKV1QiLCJhbGciOiJIUzI1NiJ9.eyJzYWx0IjoiMzZmYjFhMTktMTU1Yi00NjBiLWIxYmQtOTE4NDRlMTgzMTA4IiwicHJpbmNpcGFsIjoiMjA3NDh8MjIyNHw0OjEyOjEzOjE0OjE1OjE4OjE5OjIxOjIyOjIzOjI0OjI1OjI2OjI3OjI4OjI5OjMwfERXUmlnQWN0aXZpdHl8ZW4tVVN8b3RoZXIgICAgICAgICAgfHVzZXJ8MzAiLCJ1c2VySUQiOjIwNzQ4LCJ1c2VybmFtZSI6IkRXUmlnQWN0aXZpdHkiLCJhcHBsaWNhdGlvbiI6bnVsbCwiYXBwbGljYXRpb25HVUlEIjoiMDdjZDYwOGItZjRiOC00ZGEwLWJhZGMtODc3YTQxMTQxMzhjIiwidXNlcklQIjoiMTcyLjE2LjE2Ljg0IiwiZGV2aWNlTmFtZSI6bnVsbH0.nLzmCBCCKZq_vL48J6AisOTtaDhmFNLnvqgNDDa_cQo', 'accept': 'application/json'}
2023-06-07 06:26:35,953 ERROR Response <Response [200]>
2023-06-07 06:26:35,953 ERROR Sleeping for 1 seconds
2023-06-07 06:28:22,843 ERROR Error sending request to server
2023-06-07 06:28:22,843 ERROR Query https://data.welldata.net/api/v1/jobs/net_182344/reports/daily/2
2023-06-07 06:28:22,843 ERROR Parameters {}
2023-06-07 06:28:22,844 ERROR Headers {'Token': 'net,eyJ0eXAiOiJKV1QiLCJhbGciOiJIUzI1NiJ9.eyJzYWx0IjoiMzZmYjFhMTktMTU1Yi00NjBiLWIxYmQtOTE4NDRlMTgzMTA4IiwicHJpbmNpcGFsIjoiMjA3NDh8MjIyNHw0OjEyOjEzOjE0OjE1OjE4OjE5OjIxOjIyOjIzOjI0OjI1OjI2OjI3OjI4OjI5OjMwfERXUmlnQWN0aXZpdHl8ZW4tVVN8b3RoZXIgICAgICAgICAgfHVzZXJ8MzAiLCJ1c2VySUQiOjIwNzQ4LCJ1c2VybmFtZSI6IkRXUmlnQWN0aXZpdHkiLCJhcHBsaWNhdGlvbiI6bnVsbCwiYXBwbGljYXRpb25HVUlEIjoiMDdjZDYwOGItZjRiOC00ZGEwLWJhZGMtODc3YTQxMTQxMzhjIiwidXNlcklQIjoiMTcyLjE2LjE2Ljg0IiwiZGV2aWNlTmFtZSI6bnVsbH0.nLzmCBCCKZq_vL48J6AisOTtaDhmFNLnvqgNDDa_cQo', 'accept': 'application/json'}
2023-06-07 06:28:22,844 ERROR Response <Response [200]>
2023-06-07 06:28:22,845 ERROR Sleeping for 1 seconds
2023-06-07 06:28:36,892 INFO Starting script
2023-06-07 15:21:04,241 INFO Starting script
2023-06-07 15:23:08,243 INFO Starting script
2023-06-07 15:23:25,341 INFO Starting script
2023-06-08 06:20:20,734 INFO Starting script
2023-06-08 06:20:32,000 ERROR Error sending request to server
2023-06-08 06:20:32,001 ERROR Query https://data.welldata.net/api/v1/jobs/net_178738/reports/daily/2
2023-06-08 06:20:32,001 ERROR Parameters {}
2023-06-08 06:20:32,001 ERROR Headers {'Token': 'net,eyJ0eXAiOiJKV1QiLCJhbGciOiJIUzI1NiJ9.eyJzYWx0IjoiNThkYTU1ZjYtNDQ2Ni00ZTQ3LTllZmQtNzg5ZTRlMjYwMTYwIiwicHJpbmNpcGFsIjoiMjA3NDh8MjIyNHw0OjEyOjEzOjE0OjE1OjE4OjE5OjIxOjIyOjIzOjI0OjI1OjI2OjI3OjI4OjI5OjMwfERXUmlnQWN0aXZpdHl8ZW4tVVN8b3RoZXIgICAgICAgICAgfHVzZXJ8MzAiLCJ1c2VySUQiOjIwNzQ4LCJ1c2VybmFtZSI6IkRXUmlnQWN0aXZpdHkiLCJhcHBsaWNhdGlvbiI6bnVsbCwiYXBwbGljYXRpb25HVUlEIjoiMDdjZDYwOGItZjRiOC00ZGEwLWJhZGMtODc3YTQxMTQxMzhjIiwidXNlcklQIjoiMTcyLjE2LjE3LjE5MSIsImRldmljZU5hbWUiOm51bGx9.Bv9c4lycmU1ftLl--fip4MGG4PLDE2QqHMyh-2r-tp8', 'accept': 'application/json'}
2023-06-08 06:20:32,001 ERROR Response <Response [200]>
2023-06-08 06:20:32,001 ERROR Sleeping for 1 seconds
2023-06-08 06:21:17,997 ERROR Error sending request to server
2023-06-08 06:21:17,997 ERROR Query https://data.welldata.net/api/v1/jobs/net_181105/reports/daily/2
2023-06-08 06:21:17,997 ERROR Parameters {}
2023-06-08 06:21:17,997 ERROR Headers {'Token': 'net,eyJ0eXAiOiJKV1QiLCJhbGciOiJIUzI1NiJ9.eyJzYWx0IjoiNThkYTU1ZjYtNDQ2Ni00ZTQ3LTllZmQtNzg5ZTRlMjYwMTYwIiwicHJpbmNpcGFsIjoiMjA3NDh8MjIyNHw0OjEyOjEzOjE0OjE1OjE4OjE5OjIxOjIyOjIzOjI0OjI1OjI2OjI3OjI4OjI5OjMwfERXUmlnQWN0aXZpdHl8ZW4tVVN8b3RoZXIgICAgICAgICAgfHVzZXJ8MzAiLCJ1c2VySUQiOjIwNzQ4LCJ1c2VybmFtZSI6IkRXUmlnQWN0aXZpdHkiLCJhcHBsaWNhdGlvbiI6bnVsbCwiYXBwbGljYXRpb25HVUlEIjoiMDdjZDYwOGItZjRiOC00ZGEwLWJhZGMtODc3YTQxMTQxMzhjIiwidXNlcklQIjoiMTcyLjE2LjE3LjE5MSIsImRldmljZU5hbWUiOm51bGx9.Bv9c4lycmU1ftLl--fip4MGG4PLDE2QqHMyh-2r-tp8', 'accept': 'application/json'}
2023-06-08 06:21:17,997 ERROR Response <Response [200]>
2023-06-08 06:21:17,997 ERROR Sleeping for 1 seconds
2023-06-08 06:21:44,488 ERROR Error sending request to server
2023-06-08 06:21:44,488 ERROR Query https://data.welldata.net/api/v1/jobs/net_181598/reports/daily/2
2023-06-08 06:21:44,489 ERROR Parameters {}
2023-06-08 06:21:44,489 ERROR Headers {'Token': 'net,eyJ0eXAiOiJKV1QiLCJhbGciOiJIUzI1NiJ9.eyJzYWx0IjoiNThkYTU1ZjYtNDQ2Ni00ZTQ3LTllZmQtNzg5ZTRlMjYwMTYwIiwicHJpbmNpcGFsIjoiMjA3NDh8MjIyNHw0OjEyOjEzOjE0OjE1OjE4OjE5OjIxOjIyOjIzOjI0OjI1OjI2OjI3OjI4OjI5OjMwfERXUmlnQWN0aXZpdHl8ZW4tVVN8b3RoZXIgICAgICAgICAgfHVzZXJ8MzAiLCJ1c2VySUQiOjIwNzQ4LCJ1c2VybmFtZSI6IkRXUmlnQWN0aXZpdHkiLCJhcHBsaWNhdGlvbiI6bnVsbCwiYXBwbGljYXRpb25HVUlEIjoiMDdjZDYwOGItZjRiOC00ZGEwLWJhZGMtODc3YTQxMTQxMzhjIiwidXNlcklQIjoiMTcyLjE2LjE3LjE5MSIsImRldmljZU5hbWUiOm51bGx9.Bv9c4lycmU1ftLl--fip4MGG4PLDE2QqHMyh-2r-tp8', 'accept': 'application/json'}
2023-06-08 06:21:44,489 ERROR Response <Response [200]>
2023-06-08 06:21:44,489 ERROR Sleeping for 1 seconds
2023-06-08 06:23:19,075 ERROR Error sending request to server
2023-06-08 06:23:19,075 ERROR Query https://data.welldata.net/api/v1/jobs/net_182360/reports/daily/2
2023-06-08 06:23:19,075 ERROR Parameters {}
2023-06-08 06:23:19,075 ERROR Headers {'Token': 'net,eyJ0eXAiOiJKV1QiLCJhbGciOiJIUzI1NiJ9.eyJzYWx0IjoiNThkYTU1ZjYtNDQ2Ni00ZTQ3LTllZmQtNzg5ZTRlMjYwMTYwIiwicHJpbmNpcGFsIjoiMjA3NDh8MjIyNHw0OjEyOjEzOjE0OjE1OjE4OjE5OjIxOjIyOjIzOjI0OjI1OjI2OjI3OjI4OjI5OjMwfERXUmlnQWN0aXZpdHl8ZW4tVVN8b3RoZXIgICAgICAgICAgfHVzZXJ8MzAiLCJ1c2VySUQiOjIwNzQ4LCJ1c2VybmFtZSI6IkRXUmlnQWN0aXZpdHkiLCJhcHBsaWNhdGlvbiI6bnVsbCwiYXBwbGljYXRpb25HVUlEIjoiMDdjZDYwOGItZjRiOC00ZGEwLWJhZGMtODc3YTQxMTQxMzhjIiwidXNlcklQIjoiMTcyLjE2LjE3LjE5MSIsImRldmljZU5hbWUiOm51bGx9.Bv9c4lycmU1ftLl--fip4MGG4PLDE2QqHMyh-2r-tp8', 'accept': 'application/json'}
2023-06-08 06:23:19,075 ERROR Response <Response [200]>
2023-06-08 06:23:19,075 ERROR Sleeping for 1 seconds
2023-06-08 06:23:42,180 INFO Starting script
2023-06-09 06:27:56,871 INFO Starting script
2023-06-09 06:28:08,437 ERROR Error sending request to server
2023-06-09 06:28:08,438 ERROR Query https://data.welldata.net/api/v1/jobs/net_178738/reports/daily/2
2023-06-09 06:28:08,438 ERROR Parameters {}
2023-06-09 06:28:08,438 ERROR Headers {'Token': 'net,eyJ0eXAiOiJKV1QiLCJhbGciOiJIUzI1NiJ9.eyJzYWx0IjoiNDQ4ZDJkOTQtN2U5Ni00OTUwLWE2ZTktZTc5OWZmZjUyNjI2IiwicHJpbmNpcGFsIjoiMjA3NDh8MjIyNHw0OjEyOjEzOjE0OjE1OjE4OjE5OjIxOjIyOjIzOjI0OjI1OjI2OjI3OjI4OjI5OjMwfERXUmlnQWN0aXZpdHl8ZW4tVVN8b3RoZXIgICAgICAgICAgfHVzZXJ8MzAiLCJ1c2VySUQiOjIwNzQ4LCJ1c2VybmFtZSI6IkRXUmlnQWN0aXZpdHkiLCJhcHBsaWNhdGlvbiI6bnVsbCwiYXBwbGljYXRpb25HVUlEIjoiMDdjZDYwOGItZjRiOC00ZGEwLWJhZGMtODc3YTQxMTQxMzhjIiwidXNlcklQIjoiMTcyLjE2LjE3LjE5MSIsImRldmljZU5hbWUiOm51bGx9.hlIMEakLUUfILtDIFm-eZtYyNLjSJYlnOFuAuzVEz2s', 'accept': 'application/json'}
2023-06-09 06:28:08,438 ERROR Response <Response [200]>
2023-06-09 06:28:08,438 ERROR Sleeping for 1 seconds
2023-06-09 06:28:49,010 ERROR Error sending request to server
2023-06-09 06:28:49,011 ERROR Query https://data.welldata.net/api/v1/jobs/net_181105/reports/daily/2
2023-06-09 06:28:49,011 ERROR Parameters {}
2023-06-09 06:28:49,011 ERROR Headers {'Token': 'net,eyJ0eXAiOiJKV1QiLCJhbGciOiJIUzI1NiJ9.eyJzYWx0IjoiNDQ4ZDJkOTQtN2U5Ni00OTUwLWE2ZTktZTc5OWZmZjUyNjI2IiwicHJpbmNpcGFsIjoiMjA3NDh8MjIyNHw0OjEyOjEzOjE0OjE1OjE4OjE5OjIxOjIyOjIzOjI0OjI1OjI2OjI3OjI4OjI5OjMwfERXUmlnQWN0aXZpdHl8ZW4tVVN8b3RoZXIgICAgICAgICAgfHVzZXJ8MzAiLCJ1c2VySUQiOjIwNzQ4LCJ1c2VybmFtZSI6IkRXUmlnQWN0aXZpdHkiLCJhcHBsaWNhdGlvbiI6bnVsbCwiYXBwbGljYXRpb25HVUlEIjoiMDdjZDYwOGItZjRiOC00ZGEwLWJhZGMtODc3YTQxMTQxMzhjIiwidXNlcklQIjoiMTcyLjE2LjE3LjE5MSIsImRldmljZU5hbWUiOm51bGx9.hlIMEakLUUfILtDIFm-eZtYyNLjSJYlnOFuAuzVEz2s', 'accept': 'application/json'}
2023-06-09 06:28:49,011 ERROR Response <Response [200]>
2023-06-09 06:28:49,011 ERROR Sleeping for 1 seconds
2023-06-09 06:29:19,686 ERROR Error sending request to server
2023-06-09 06:29:19,686 ERROR Query https://data.welldata.net/api/v1/jobs/net_181598/reports/daily/2
2023-06-09 06:29:19,686 ERROR Parameters {}
2023-06-09 06:29:19,686 ERROR Headers {'Token': 'net,eyJ0eXAiOiJKV1QiLCJhbGciOiJIUzI1NiJ9.eyJzYWx0IjoiNDQ4ZDJkOTQtN2U5Ni00OTUwLWE2ZTktZTc5OWZmZjUyNjI2IiwicHJpbmNpcGFsIjoiMjA3NDh8MjIyNHw0OjEyOjEzOjE0OjE1OjE4OjE5OjIxOjIyOjIzOjI0OjI1OjI2OjI3OjI4OjI5OjMwfERXUmlnQWN0aXZpdHl8ZW4tVVN8b3RoZXIgICAgICAgICAgfHVzZXJ8MzAiLCJ1c2VySUQiOjIwNzQ4LCJ1c2VybmFtZSI6IkRXUmlnQWN0aXZpdHkiLCJhcHBsaWNhdGlvbiI6bnVsbCwiYXBwbGljYXRpb25HVUlEIjoiMDdjZDYwOGItZjRiOC00ZGEwLWJhZGMtODc3YTQxMTQxMzhjIiwidXNlcklQIjoiMTcyLjE2LjE3LjE5MSIsImRldmljZU5hbWUiOm51bGx9.hlIMEakLUUfILtDIFm-eZtYyNLjSJYlnOFuAuzVEz2s', 'accept': 'application/json'}
2023-06-09 06:29:19,686 ERROR Response <Response [200]>
2023-06-09 06:29:19,686 ERROR Sleeping for 1 seconds
2023-06-09 06:31:06,462 INFO Starting script
2023-06-09 06:31:15,335 ERROR Error sending request to server
2023-06-09 06:31:15,335 ERROR Query https://data.welldata.net/api/v1/jobs/net_178738/reports/daily/2
2023-06-09 06:31:15,335 ERROR Parameters {}
2023-06-09 06:31:15,335 ERROR Headers {'Token': 'net,eyJ0eXAiOiJKV1QiLCJhbGciOiJIUzI1NiJ9.eyJzYWx0IjoiNGM4MjA2ZWUtYjA1Zi00MDI0LWIxMGItMTVmNzU2OWMxZjY2IiwicHJpbmNpcGFsIjoiMjA3NDh8MjIyNHw0OjEyOjEzOjE0OjE1OjE4OjE5OjIxOjIyOjIzOjI0OjI1OjI2OjI3OjI4OjI5OjMwfERXUmlnQWN0aXZpdHl8ZW4tVVN8b3RoZXIgICAgICAgICAgfHVzZXJ8MzAiLCJ1c2VySUQiOjIwNzQ4LCJ1c2VybmFtZSI6IkRXUmlnQWN0aXZpdHkiLCJhcHBsaWNhdGlvbiI6bnVsbCwiYXBwbGljYXRpb25HVUlEIjoiMDdjZDYwOGItZjRiOC00ZGEwLWJhZGMtODc3YTQxMTQxMzhjIiwidXNlcklQIjoiMTcyLjE2LjE2Ljg0IiwiZGV2aWNlTmFtZSI6bnVsbH0.NPBfc7WOvNhKnCzMc8swVQFDq8d78z6nm8AFJWE7G40', 'accept': 'application/json'}
2023-06-09 06:31:15,335 ERROR Response <Response [200]>
2023-06-09 06:31:15,336 ERROR Sleeping for 1 seconds
2023-06-09 06:31:48,644 ERROR Error sending request to server
2023-06-09 06:31:48,644 ERROR Query https://data.welldata.net/api/v1/jobs/net_181105/reports/daily/2
2023-06-09 06:31:48,644 ERROR Parameters {}
2023-06-09 06:31:48,644 ERROR Headers {'Token': 'net,eyJ0eXAiOiJKV1QiLCJhbGciOiJIUzI1NiJ9.eyJzYWx0IjoiNGM4MjA2ZWUtYjA1Zi00MDI0LWIxMGItMTVmNzU2OWMxZjY2IiwicHJpbmNpcGFsIjoiMjA3NDh8MjIyNHw0OjEyOjEzOjE0OjE1OjE4OjE5OjIxOjIyOjIzOjI0OjI1OjI2OjI3OjI4OjI5OjMwfERXUmlnQWN0aXZpdHl8ZW4tVVN8b3RoZXIgICAgICAgICAgfHVzZXJ8MzAiLCJ1c2VySUQiOjIwNzQ4LCJ1c2VybmFtZSI6IkRXUmlnQWN0aXZpdHkiLCJhcHBsaWNhdGlvbiI6bnVsbCwiYXBwbGljYXRpb25HVUlEIjoiMDdjZDYwOGItZjRiOC00ZGEwLWJhZGMtODc3YTQxMTQxMzhjIiwidXNlcklQIjoiMTcyLjE2LjE2Ljg0IiwiZGV2aWNlTmFtZSI6bnVsbH0.NPBfc7WOvNhKnCzMc8swVQFDq8d78z6nm8AFJWE7G40', 'accept': 'application/json'}
2023-06-09 06:31:48,644 ERROR Response <Response [200]>
2023-06-09 06:31:48,644 ERROR Sleeping for 1 seconds
2023-06-09 06:37:15,295 INFO Starting script
2023-06-09 06:37:23,794 ERROR Error sending request to server
2023-06-09 06:37:23,794 ERROR Query https://data.welldata.net/api/v1/jobs/net_178738/reports/daily/2
2023-06-09 06:37:23,794 ERROR Parameters {}
2023-06-09 06:37:23,794 ERROR Headers {'Token': 'net,eyJ0eXAiOiJKV1QiLCJhbGciOiJIUzI1NiJ9.eyJzYWx0IjoiMTU0NTA3MTUtZjhhMS00NmE5LTk3ZmQtYzU0ZDNiZjNiZDI5IiwicHJpbmNpcGFsIjoiMjA3NDh8MjIyNHw0OjEyOjEzOjE0OjE1OjE4OjE5OjIxOjIyOjIzOjI0OjI1OjI2OjI3OjI4OjI5OjMwfERXUmlnQWN0aXZpdHl8ZW4tVVN8b3RoZXIgICAgICAgICAgfHVzZXJ8MzAiLCJ1c2VySUQiOjIwNzQ4LCJ1c2VybmFtZSI6IkRXUmlnQWN0aXZpdHkiLCJhcHBsaWNhdGlvbiI6bnVsbCwiYXBwbGljYXRpb25HVUlEIjoiMDdjZDYwOGItZjRiOC00ZGEwLWJhZGMtODc3YTQxMTQxMzhjIiwidXNlcklQIjoiMTcyLjE2LjE2Ljg0IiwiZGV2aWNlTmFtZSI6bnVsbH0.igbieVZEhQWSRFuxLrVgHhClxEwvvUF_LQLjj06grks', 'accept': 'application/json'}
2023-06-09 06:37:23,794 ERROR Response <Response [200]>
2023-06-09 06:37:23,794 ERROR Sleeping for 1 seconds
2023-06-09 06:38:05,626 ERROR Error sending request to server
2023-06-09 06:38:05,626 ERROR Query https://data.welldata.net/api/v1/jobs/net_181105/reports/daily/2
2023-06-09 06:38:05,627 ERROR Parameters {}
2023-06-09 06:38:05,627 ERROR Headers {'Token': 'net,eyJ0eXAiOiJKV1QiLCJhbGciOiJIUzI1NiJ9.eyJzYWx0IjoiMTU0NTA3MTUtZjhhMS00NmE5LTk3ZmQtYzU0ZDNiZjNiZDI5IiwicHJpbmNpcGFsIjoiMjA3NDh8MjIyNHw0OjEyOjEzOjE0OjE1OjE4OjE5OjIxOjIyOjIzOjI0OjI1OjI2OjI3OjI4OjI5OjMwfERXUmlnQWN0aXZpdHl8ZW4tVVN8b3RoZXIgICAgICAgICAgfHVzZXJ8MzAiLCJ1c2VySUQiOjIwNzQ4LCJ1c2VybmFtZSI6IkRXUmlnQWN0aXZpdHkiLCJhcHBsaWNhdGlvbiI6bnVsbCwiYXBwbGljYXRpb25HVUlEIjoiMDdjZDYwOGItZjRiOC00ZGEwLWJhZGMtODc3YTQxMTQxMzhjIiwidXNlcklQIjoiMTcyLjE2LjE2Ljg0IiwiZGV2aWNlTmFtZSI6bnVsbH0.igbieVZEhQWSRFuxLrVgHhClxEwvvUF_LQLjj06grks', 'accept': 'application/json'}
2023-06-09 06:38:05,627 ERROR Response <Response [200]>
2023-06-09 06:38:05,627 ERROR Sleeping for 1 seconds
2023-06-09 06:38:41,899 ERROR Error sending request to server
2023-06-09 06:38:41,899 ERROR Query https://data.welldata.net/api/v1/jobs/net_181598/reports/daily/2
2023-06-09 06:38:41,899 ERROR Parameters {}
2023-06-09 06:38:41,899 ERROR Headers {'Token': 'net,eyJ0eXAiOiJKV1QiLCJhbGciOiJIUzI1NiJ9.eyJzYWx0IjoiMTU0NTA3MTUtZjhhMS00NmE5LTk3ZmQtYzU0ZDNiZjNiZDI5IiwicHJpbmNpcGFsIjoiMjA3NDh8MjIyNHw0OjEyOjEzOjE0OjE1OjE4OjE5OjIxOjIyOjIzOjI0OjI1OjI2OjI3OjI4OjI5OjMwfERXUmlnQWN0aXZpdHl8ZW4tVVN8b3RoZXIgICAgICAgICAgfHVzZXJ8MzAiLCJ1c2VySUQiOjIwNzQ4LCJ1c2VybmFtZSI6IkRXUmlnQWN0aXZpdHkiLCJhcHBsaWNhdGlvbiI6bnVsbCwiYXBwbGljYXRpb25HVUlEIjoiMDdjZDYwOGItZjRiOC00ZGEwLWJhZGMtODc3YTQxMTQxMzhjIiwidXNlcklQIjoiMTcyLjE2LjE2Ljg0IiwiZGV2aWNlTmFtZSI6bnVsbH0.igbieVZEhQWSRFuxLrVgHhClxEwvvUF_LQLjj06grks', 'accept': 'application/json'}
2023-06-09 06:38:41,899 ERROR Response <Response [200]>
2023-06-09 06:38:41,899 ERROR Sleeping for 1 seconds
2023-06-09 06:40:04,759 ERROR Error sending request to server
2023-06-09 06:40:04,759 ERROR Query https://data.welldata.net/api/v1/jobs/net_182114/reports/daily/2
2023-06-09 06:40:04,759 ERROR Parameters {}
2023-06-09 06:40:04,759 ERROR Headers {'Token': 'net,eyJ0eXAiOiJKV1QiLCJhbGciOiJIUzI1NiJ9.eyJzYWx0IjoiMTU0NTA3MTUtZjhhMS00NmE5LTk3ZmQtYzU0ZDNiZjNiZDI5IiwicHJpbmNpcGFsIjoiMjA3NDh8MjIyNHw0OjEyOjEzOjE0OjE1OjE4OjE5OjIxOjIyOjIzOjI0OjI1OjI2OjI3OjI4OjI5OjMwfERXUmlnQWN0aXZpdHl8ZW4tVVN8b3RoZXIgICAgICAgICAgfHVzZXJ8MzAiLCJ1c2VySUQiOjIwNzQ4LCJ1c2VybmFtZSI6IkRXUmlnQWN0aXZpdHkiLCJhcHBsaWNhdGlvbiI6bnVsbCwiYXBwbGljYXRpb25HVUlEIjoiMDdjZDYwOGItZjRiOC00ZGEwLWJhZGMtODc3YTQxMTQxMzhjIiwidXNlcklQIjoiMTcyLjE2LjE2Ljg0IiwiZGV2aWNlTmFtZSI6bnVsbH0.igbieVZEhQWSRFuxLrVgHhClxEwvvUF_LQLjj06grks', 'accept': 'application/json'}
2023-06-09 06:40:04,759 ERROR Response <Response [200]>
2023-06-09 06:40:04,759 ERROR Sleeping for 1 seconds
2023-06-09 06:40:54,343 ERROR Error sending request to server
2023-06-09 06:40:54,344 ERROR Query https://data.welldata.net/api/v1/jobs/net_182414/reports/daily/2
2023-06-09 06:40:54,344 ERROR Parameters {}
2023-06-09 06:40:54,344 ERROR Headers {'Token': 'net,eyJ0eXAiOiJKV1QiLCJhbGciOiJIUzI1NiJ9.eyJzYWx0IjoiMTU0NTA3MTUtZjhhMS00NmE5LTk3ZmQtYzU0ZDNiZjNiZDI5IiwicHJpbmNpcGFsIjoiMjA3NDh8MjIyNHw0OjEyOjEzOjE0OjE1OjE4OjE5OjIxOjIyOjIzOjI0OjI1OjI2OjI3OjI4OjI5OjMwfERXUmlnQWN0aXZpdHl8ZW4tVVN8b3RoZXIgICAgICAgICAgfHVzZXJ8MzAiLCJ1c2VySUQiOjIwNzQ4LCJ1c2VybmFtZSI6IkRXUmlnQWN0aXZpdHkiLCJhcHBsaWNhdGlvbiI6bnVsbCwiYXBwbGljYXRpb25HVUlEIjoiMDdjZDYwOGItZjRiOC00ZGEwLWJhZGMtODc3YTQxMTQxMzhjIiwidXNlcklQIjoiMTcyLjE2LjE2Ljg0IiwiZGV2aWNlTmFtZSI6bnVsbH0.igbieVZEhQWSRFuxLrVgHhClxEwvvUF_LQLjj06grks', 'accept': 'application/json'}
2023-06-09 06:40:54,344 ERROR Response <Response [200]>
2023-06-09 06:40:54,344 ERROR Sleeping for 1 seconds
2023-06-09 06:41:02,777 INFO Starting script
2023-06-12 06:09:41,594 INFO Starting script
2023-06-12 06:20:05,082 INFO Starting script
2023-06-12 06:20:15,555 ERROR Error sending request to server
2023-06-12 06:20:15,555 ERROR Query https://data.welldata.net/api/v1/jobs/net_178738/reports/daily/2
2023-06-12 06:20:15,555 ERROR Parameters {}
2023-06-12 06:20:15,555 ERROR Headers {'Token': 'net,eyJ0eXAiOiJKV1QiLCJhbGciOiJIUzI1NiJ9.eyJzYWx0IjoiNWM5NGExMTItNGFlYS00ZGMxLWE0YWQtYWJmODljYWQyNmNiIiwicHJpbmNpcGFsIjoiMjA3NDh8MjIyNHw0OjEyOjEzOjE0OjE1OjE4OjE5OjIxOjIyOjIzOjI0OjI1OjI2OjI3OjI4OjI5OjMwfERXUmlnQWN0aXZpdHl8ZW4tVVN8b3RoZXIgICAgICAgICAgfHVzZXJ8MzAiLCJ1c2VySUQiOjIwNzQ4LCJ1c2VybmFtZSI6IkRXUmlnQWN0aXZpdHkiLCJhcHBsaWNhdGlvbiI6bnVsbCwiYXBwbGljYXRpb25HVUlEIjoiMDdjZDYwOGItZjRiOC00ZGEwLWJhZGMtODc3YTQxMTQxMzhjIiwidXNlcklQIjoiMTcyLjE2LjE3LjE5MSIsImRldmljZU5hbWUiOm51bGx9._mVOHYsZLkCKlhMRpqYpnJH0LaMlQqiCPcEPsGwOn00', 'accept': 'application/json'}
2023-06-12 06:20:15,555 ERROR Response <Response [200]>
2023-06-12 06:20:15,555 ERROR Sleeping for 1 seconds
2023-06-12 06:31:35,378 INFO Starting script
2023-06-12 06:31:45,262 ERROR Error sending request to server
2023-06-12 06:31:45,262 ERROR Query https://data.welldata.net/api/v1/jobs/net_178738/reports/daily/2
2023-06-12 06:31:45,263 ERROR Parameters {}
2023-06-12 06:31:45,263 ERROR Headers {'Token': 'net,eyJ0eXAiOiJKV1QiLCJhbGciOiJIUzI1NiJ9.eyJzYWx0IjoiMmY3YTk4MDItODYyOC00M2Q0LTk4ODgtMzYzZjg1MDVmNDE4IiwicHJpbmNpcGFsIjoiMjA3NDh8MjIyNHw0OjEyOjEzOjE0OjE1OjE4OjE5OjIxOjIyOjIzOjI0OjI1OjI2OjI3OjI4OjI5OjMwfERXUmlnQWN0aXZpdHl8ZW4tVVN8b3RoZXIgICAgICAgICAgfHVzZXJ8MzAiLCJ1c2VySUQiOjIwNzQ4LCJ1c2VybmFtZSI6IkRXUmlnQWN0aXZpdHkiLCJhcHBsaWNhdGlvbiI6bnVsbCwiYXBwbGljYXRpb25HVUlEIjoiMDdjZDYwOGItZjRiOC00ZGEwLWJhZGMtODc3YTQxMTQxMzhjIiwidXNlcklQIjoiMTcyLjE2LjE3LjE5MSIsImRldmljZU5hbWUiOm51bGx9.Rm9eZSKeMwHbcaHY4ZdZrAlghl1rgyqfkmrKiUtTasE', 'accept': 'application/json'}
2023-06-12 06:31:45,263 ERROR Response <Response [200]>
2023-06-12 06:31:45,263 ERROR Sleeping for 1 seconds
2023-06-12 06:32:19,328 ERROR Error sending request to server
2023-06-12 06:32:19,328 ERROR Query https://data.welldata.net/api/v1/jobs/net_181090/reports/daily/2
2023-06-12 06:32:19,328 ERROR Parameters {}
2023-06-12 06:32:19,328 ERROR Headers {'Token': 'net,eyJ0eXAiOiJKV1QiLCJhbGciOiJIUzI1NiJ9.eyJzYWx0IjoiMmY3YTk4MDItODYyOC00M2Q0LTk4ODgtMzYzZjg1MDVmNDE4IiwicHJpbmNpcGFsIjoiMjA3NDh8MjIyNHw0OjEyOjEzOjE0OjE1OjE4OjE5OjIxOjIyOjIzOjI0OjI1OjI2OjI3OjI4OjI5OjMwfERXUmlnQWN0aXZpdHl8ZW4tVVN8b3RoZXIgICAgICAgICAgfHVzZXJ8MzAiLCJ1c2VySUQiOjIwNzQ4LCJ1c2VybmFtZSI6IkRXUmlnQWN0aXZpdHkiLCJhcHBsaWNhdGlvbiI6bnVsbCwiYXBwbGljYXRpb25HVUlEIjoiMDdjZDYwOGItZjRiOC00ZGEwLWJhZGMtODc3YTQxMTQxMzhjIiwidXNlcklQIjoiMTcyLjE2LjE3LjE5MSIsImRldmljZU5hbWUiOm51bGx9.Rm9eZSKeMwHbcaHY4ZdZrAlghl1rgyqfkmrKiUtTasE', 'accept': 'application/json'}
2023-06-12 06:32:19,329 ERROR Response <Response [200]>
2023-06-12 06:32:19,329 ERROR Sleeping for 1 seconds
2023-06-12 06:33:04,425 ERROR Error sending request to server
2023-06-12 06:33:04,426 ERROR Query https://data.welldata.net/api/v1/jobs/net_181770/reports/daily/2
2023-06-12 06:33:04,426 ERROR Parameters {}
2023-06-12 06:33:04,426 ERROR Headers {'Token': 'net,eyJ0eXAiOiJKV1QiLCJhbGciOiJIUzI1NiJ9.eyJzYWx0IjoiMmY3YTk4MDItODYyOC00M2Q0LTk4ODgtMzYzZjg1MDVmNDE4IiwicHJpbmNpcGFsIjoiMjA3NDh8MjIyNHw0OjEyOjEzOjE0OjE1OjE4OjE5OjIxOjIyOjIzOjI0OjI1OjI2OjI3OjI4OjI5OjMwfERXUmlnQWN0aXZpdHl8ZW4tVVN8b3RoZXIgICAgICAgICAgfHVzZXJ8MzAiLCJ1c2VySUQiOjIwNzQ4LCJ1c2VybmFtZSI6IkRXUmlnQWN0aXZpdHkiLCJhcHBsaWNhdGlvbiI6bnVsbCwiYXBwbGljYXRpb25HVUlEIjoiMDdjZDYwOGItZjRiOC00ZGEwLWJhZGMtODc3YTQxMTQxMzhjIiwidXNlcklQIjoiMTcyLjE2LjE3LjE5MSIsImRldmljZU5hbWUiOm51bGx9.Rm9eZSKeMwHbcaHY4ZdZrAlghl1rgyqfkmrKiUtTasE', 'accept': 'application/json'}
2023-06-12 06:33:04,426 ERROR Response <Response [200]>
2023-06-12 06:33:04,426 ERROR Sleeping for 1 seconds
2023-06-12 06:33:37,185 ERROR Error sending request to server
2023-06-12 06:33:37,185 ERROR Query https://data.welldata.net/api/v1/jobs/net_182102/reports/daily/2
2023-06-12 06:33:37,185 ERROR Parameters {}
2023-06-12 06:33:37,185 ERROR Headers {'Token': 'net,eyJ0eXAiOiJKV1QiLCJhbGciOiJIUzI1NiJ9.eyJzYWx0IjoiMmY3YTk4MDItODYyOC00M2Q0LTk4ODgtMzYzZjg1MDVmNDE4IiwicHJpbmNpcGFsIjoiMjA3NDh8MjIyNHw0OjEyOjEzOjE0OjE1OjE4OjE5OjIxOjIyOjIzOjI0OjI1OjI2OjI3OjI4OjI5OjMwfERXUmlnQWN0aXZpdHl8ZW4tVVN8b3RoZXIgICAgICAgICAgfHVzZXJ8MzAiLCJ1c2VySUQiOjIwNzQ4LCJ1c2VybmFtZSI6IkRXUmlnQWN0aXZpdHkiLCJhcHBsaWNhdGlvbiI6bnVsbCwiYXBwbGljYXRpb25HVUlEIjoiMDdjZDYwOGItZjRiOC00ZGEwLWJhZGMtODc3YTQxMTQxMzhjIiwidXNlcklQIjoiMTcyLjE2LjE3LjE5MSIsImRldmljZU5hbWUiOm51bGx9.Rm9eZSKeMwHbcaHY4ZdZrAlghl1rgyqfkmrKiUtTasE', 'accept': 'application/json'}
2023-06-12 06:33:37,185 ERROR Response <Response [200]>
2023-06-12 06:33:37,185 ERROR Sleeping for 1 seconds
2023-06-12 06:34:53,862 ERROR Error sending request to server
2023-06-12 06:34:53,862 ERROR Query https://data.welldata.net/api/v1/jobs/net_182479/reports/daily/2
2023-06-12 06:34:53,862 ERROR Parameters {}
2023-06-12 06:34:53,863 ERROR Headers {'Token': 'net,eyJ0eXAiOiJKV1QiLCJhbGciOiJIUzI1NiJ9.eyJzYWx0IjoiMmY3YTk4MDItODYyOC00M2Q0LTk4ODgtMzYzZjg1MDVmNDE4IiwicHJpbmNpcGFsIjoiMjA3NDh8MjIyNHw0OjEyOjEzOjE0OjE1OjE4OjE5OjIxOjIyOjIzOjI0OjI1OjI2OjI3OjI4OjI5OjMwfERXUmlnQWN0aXZpdHl8ZW4tVVN8b3RoZXIgICAgICAgICAgfHVzZXJ8MzAiLCJ1c2VySUQiOjIwNzQ4LCJ1c2VybmFtZSI6IkRXUmlnQWN0aXZpdHkiLCJhcHBsaWNhdGlvbiI6bnVsbCwiYXBwbGljYXRpb25HVUlEIjoiMDdjZDYwOGItZjRiOC00ZGEwLWJhZGMtODc3YTQxMTQxMzhjIiwidXNlcklQIjoiMTcyLjE2LjE3LjE5MSIsImRldmljZU5hbWUiOm51bGx9.Rm9eZSKeMwHbcaHY4ZdZrAlghl1rgyqfkmrKiUtTasE', 'accept': 'application/json'}
2023-06-12 06:34:53,863 ERROR Response <Response [200]>
2023-06-12 06:34:53,863 ERROR Sleeping for 1 seconds
2023-06-12 06:34:57,040 ERROR Error sending request to server
2023-06-12 06:34:57,040 ERROR Query https://data.welldata.net/api/v1/jobs/net_182486/reports/daily/2
2023-06-12 06:34:57,040 ERROR Parameters {}
2023-06-12 06:34:57,040 ERROR Headers {'Token': 'net,eyJ0eXAiOiJKV1QiLCJhbGciOiJIUzI1NiJ9.eyJzYWx0IjoiMmY3YTk4MDItODYyOC00M2Q0LTk4ODgtMzYzZjg1MDVmNDE4IiwicHJpbmNpcGFsIjoiMjA3NDh8MjIyNHw0OjEyOjEzOjE0OjE1OjE4OjE5OjIxOjIyOjIzOjI0OjI1OjI2OjI3OjI4OjI5OjMwfERXUmlnQWN0aXZpdHl8ZW4tVVN8b3RoZXIgICAgICAgICAgfHVzZXJ8MzAiLCJ1c2VySUQiOjIwNzQ4LCJ1c2VybmFtZSI6IkRXUmlnQWN0aXZpdHkiLCJhcHBsaWNhdGlvbiI6bnVsbCwiYXBwbGljYXRpb25HVUlEIjoiMDdjZDYwOGItZjRiOC00ZGEwLWJhZGMtODc3YTQxMTQxMzhjIiwidXNlcklQIjoiMTcyLjE2LjE3LjE5MSIsImRldmljZU5hbWUiOm51bGx9.Rm9eZSKeMwHbcaHY4ZdZrAlghl1rgyqfkmrKiUtTasE', 'accept': 'application/json'}
2023-06-12 06:34:57,040 ERROR Response <Response [200]>
2023-06-12 06:34:57,040 ERROR Sleeping for 1 seconds
2023-06-12 06:35:06,916 ERROR Error sending request to server
2023-06-12 06:35:06,916 ERROR Query https://data.welldata.net/api/v1/jobs/net_182496/reports/daily/2
2023-06-12 06:35:06,917 ERROR Parameters {}
2023-06-12 06:35:06,917 ERROR Headers {'Token': 'net,eyJ0eXAiOiJKV1QiLCJhbGciOiJIUzI1NiJ9.eyJzYWx0IjoiMmY3YTk4MDItODYyOC00M2Q0LTk4ODgtMzYzZjg1MDVmNDE4IiwicHJpbmNpcGFsIjoiMjA3NDh8MjIyNHw0OjEyOjEzOjE0OjE1OjE4OjE5OjIxOjIyOjIzOjI0OjI1OjI2OjI3OjI4OjI5OjMwfERXUmlnQWN0aXZpdHl8ZW4tVVN8b3RoZXIgICAgICAgICAgfHVzZXJ8MzAiLCJ1c2VySUQiOjIwNzQ4LCJ1c2VybmFtZSI6IkRXUmlnQWN0aXZpdHkiLCJhcHBsaWNhdGlvbiI6bnVsbCwiYXBwbGljYXRpb25HVUlEIjoiMDdjZDYwOGItZjRiOC00ZGEwLWJhZGMtODc3YTQxMTQxMzhjIiwidXNlcklQIjoiMTcyLjE2LjE3LjE5MSIsImRldmljZU5hbWUiOm51bGx9.Rm9eZSKeMwHbcaHY4ZdZrAlghl1rgyqfkmrKiUtTasE', 'accept': 'application/json'}
2023-06-12 06:35:06,917 ERROR Response <Response [200]>
2023-06-12 06:35:06,917 ERROR Sleeping for 1 seconds
2023-06-12 06:35:18,190 INFO Starting script
2023-06-13 06:20:16,424 INFO Starting script
2023-06-13 06:20:50,400 ERROR Error sending request to server
2023-06-13 06:20:50,400 ERROR Query https://data.welldata.net/api/v1/jobs/net_178738/reports/daily/2
2023-06-13 06:20:50,401 ERROR Parameters {}
2023-06-13 06:20:50,401 ERROR Headers {'Token': 'net,eyJ0eXAiOiJKV1QiLCJhbGciOiJIUzI1NiJ9.eyJzYWx0IjoiZmUwZmI2ZGYtODYzYS00ZWViLWEwZGItNWViYmM1MzgyM2FlIiwicHJpbmNpcGFsIjoiMjA3NDh8MjIyNHw0OjEyOjEzOjE0OjE1OjE4OjE5OjIxOjIyOjIzOjI0OjI1OjI2OjI3OjI4OjI5OjMwfERXUmlnQWN0aXZpdHl8ZW4tVVN8b3RoZXIgICAgICAgICAgfHVzZXJ8MzAiLCJ1c2VySUQiOjIwNzQ4LCJ1c2VybmFtZSI6IkRXUmlnQWN0aXZpdHkiLCJhcHBsaWNhdGlvbiI6bnVsbCwiYXBwbGljYXRpb25HVUlEIjoiMDdjZDYwOGItZjRiOC00ZGEwLWJhZGMtODc3YTQxMTQxMzhjIiwidXNlcklQIjoiMTcyLjE2LjE2Ljg0IiwiZGV2aWNlTmFtZSI6bnVsbH0.23sTuFYHgvs4g3JLpwshp_-uJERqjgJ3EOOpvO6BDc0', 'accept': 'application/json'}
2023-06-13 06:20:50,401 ERROR Response <Response [200]>
2023-06-13 06:20:50,401 ERROR Sleeping for 1 seconds
2023-06-13 06:21:46,141 ERROR Error sending request to server
2023-06-13 06:21:46,141 ERROR Query https://data.welldata.net/api/v1/jobs/net_181090/reports/daily/2
2023-06-13 06:21:46,141 ERROR Parameters {}
2023-06-13 06:21:46,141 ERROR Headers {'Token': 'net,eyJ0eXAiOiJKV1QiLCJhbGciOiJIUzI1NiJ9.eyJzYWx0IjoiZmUwZmI2ZGYtODYzYS00ZWViLWEwZGItNWViYmM1MzgyM2FlIiwicHJpbmNpcGFsIjoiMjA3NDh8MjIyNHw0OjEyOjEzOjE0OjE1OjE4OjE5OjIxOjIyOjIzOjI0OjI1OjI2OjI3OjI4OjI5OjMwfERXUmlnQWN0aXZpdHl8ZW4tVVN8b3RoZXIgICAgICAgICAgfHVzZXJ8MzAiLCJ1c2VySUQiOjIwNzQ4LCJ1c2VybmFtZSI6IkRXUmlnQWN0aXZpdHkiLCJhcHBsaWNhdGlvbiI6bnVsbCwiYXBwbGljYXRpb25HVUlEIjoiMDdjZDYwOGItZjRiOC00ZGEwLWJhZGMtODc3YTQxMTQxMzhjIiwidXNlcklQIjoiMTcyLjE2LjE2Ljg0IiwiZGV2aWNlTmFtZSI6bnVsbH0.23sTuFYHgvs4g3JLpwshp_-uJERqjgJ3EOOpvO6BDc0', 'accept': 'application/json'}
2023-06-13 06:21:46,141 ERROR Response <Response [200]>
2023-06-13 06:21:46,141 ERROR Sleeping for 1 seconds
2023-06-13 06:22:38,653 ERROR Error sending request to server
2023-06-13 06:22:38,654 ERROR Query https://data.welldata.net/api/v1/jobs/net_181770/reports/daily/2
2023-06-13 06:22:38,654 ERROR Parameters {}
2023-06-13 06:22:38,654 ERROR Headers {'Token': 'net,eyJ0eXAiOiJKV1QiLCJhbGciOiJIUzI1NiJ9.eyJzYWx0IjoiZmUwZmI2ZGYtODYzYS00ZWViLWEwZGItNWViYmM1MzgyM2FlIiwicHJpbmNpcGFsIjoiMjA3NDh8MjIyNHw0OjEyOjEzOjE0OjE1OjE4OjE5OjIxOjIyOjIzOjI0OjI1OjI2OjI3OjI4OjI5OjMwfERXUmlnQWN0aXZpdHl8ZW4tVVN8b3RoZXIgICAgICAgICAgfHVzZXJ8MzAiLCJ1c2VySUQiOjIwNzQ4LCJ1c2VybmFtZSI6IkRXUmlnQWN0aXZpdHkiLCJhcHBsaWNhdGlvbiI6bnVsbCwiYXBwbGljYXRpb25HVUlEIjoiMDdjZDYwOGItZjRiOC00ZGEwLWJhZGMtODc3YTQxMTQxMzhjIiwidXNlcklQIjoiMTcyLjE2LjE2Ljg0IiwiZGV2aWNlTmFtZSI6bnVsbH0.23sTuFYHgvs4g3JLpwshp_-uJERqjgJ3EOOpvO6BDc0', 'accept': 'application/json'}
2023-06-13 06:22:38,654 ERROR Response <Response [200]>
2023-06-13 06:22:38,654 ERROR Sleeping for 1 seconds
2023-06-13 06:23:21,404 ERROR Error sending request to server
2023-06-13 06:23:21,405 ERROR Query https://data.welldata.net/api/v1/jobs/net_182102/reports/daily/2
2023-06-13 06:23:21,405 ERROR Parameters {}
2023-06-13 06:23:21,405 ERROR Headers {'Token': 'net,eyJ0eXAiOiJKV1QiLCJhbGciOiJIUzI1NiJ9.eyJzYWx0IjoiZmUwZmI2ZGYtODYzYS00ZWViLWEwZGItNWViYmM1MzgyM2FlIiwicHJpbmNpcGFsIjoiMjA3NDh8MjIyNHw0OjEyOjEzOjE0OjE1OjE4OjE5OjIxOjIyOjIzOjI0OjI1OjI2OjI3OjI4OjI5OjMwfERXUmlnQWN0aXZpdHl8ZW4tVVN8b3RoZXIgICAgICAgICAgfHVzZXJ8MzAiLCJ1c2VySUQiOjIwNzQ4LCJ1c2VybmFtZSI6IkRXUmlnQWN0aXZpdHkiLCJhcHBsaWNhdGlvbiI6bnVsbCwiYXBwbGljYXRpb25HVUlEIjoiMDdjZDYwOGItZjRiOC00ZGEwLWJhZGMtODc3YTQxMTQxMzhjIiwidXNlcklQIjoiMTcyLjE2LjE2Ljg0IiwiZGV2aWNlTmFtZSI6bnVsbH0.23sTuFYHgvs4g3JLpwshp_-uJERqjgJ3EOOpvO6BDc0', 'accept': 'application/json'}
2023-06-13 06:23:21,405 ERROR Response <Response [200]>
2023-06-13 06:23:21,405 ERROR Sleeping for 1 seconds
2023-06-13 06:24:51,020 ERROR Error sending request to server
2023-06-13 06:24:51,020 ERROR Query https://data.welldata.net/api/v1/jobs/net_182496/reports/daily/2
2023-06-13 06:24:51,020 ERROR Parameters {}
2023-06-13 06:24:51,020 ERROR Headers {'Token': 'net,eyJ0eXAiOiJKV1QiLCJhbGciOiJIUzI1NiJ9.eyJzYWx0IjoiZmUwZmI2ZGYtODYzYS00ZWViLWEwZGItNWViYmM1MzgyM2FlIiwicHJpbmNpcGFsIjoiMjA3NDh8MjIyNHw0OjEyOjEzOjE0OjE1OjE4OjE5OjIxOjIyOjIzOjI0OjI1OjI2OjI3OjI4OjI5OjMwfERXUmlnQWN0aXZpdHl8ZW4tVVN8b3RoZXIgICAgICAgICAgfHVzZXJ8MzAiLCJ1c2VySUQiOjIwNzQ4LCJ1c2VybmFtZSI6IkRXUmlnQWN0aXZpdHkiLCJhcHBsaWNhdGlvbiI6bnVsbCwiYXBwbGljYXRpb25HVUlEIjoiMDdjZDYwOGItZjRiOC00ZGEwLWJhZGMtODc3YTQxMTQxMzhjIiwidXNlcklQIjoiMTcyLjE2LjE2Ljg0IiwiZGV2aWNlTmFtZSI6bnVsbH0.23sTuFYHgvs4g3JLpwshp_-uJERqjgJ3EOOpvO6BDc0', 'accept': 'application/json'}
2023-06-13 06:24:51,020 ERROR Response <Response [200]>
2023-06-13 06:24:51,020 ERROR Sleeping for 1 seconds
2023-06-13 06:25:09,088 INFO Starting script
2023-06-14 06:20:06,283 INFO Starting script
2023-06-14 06:20:18,825 ERROR Error sending request to server
2023-06-14 06:20:18,825 ERROR Query https://data.welldata.net/api/v1/jobs/net_178738/reports/daily/2
2023-06-14 06:20:18,826 ERROR Parameters {}
2023-06-14 06:20:18,826 ERROR Headers {'Token': 'net,eyJ0eXAiOiJKV1QiLCJhbGciOiJIUzI1NiJ9.eyJzYWx0IjoiODYzYzVhMzAtNWY0MC00NWNlLWI4ZGUtMzkzMTQxNDYzZGIxIiwicHJpbmNpcGFsIjoiMjA3NDh8MjIyNHw0OjEyOjEzOjE0OjE1OjE4OjE5OjIxOjIyOjIzOjI0OjI1OjI2OjI3OjI4OjI5OjMwfERXUmlnQWN0aXZpdHl8ZW4tVVN8b3RoZXIgICAgICAgICAgfHVzZXJ8MzAiLCJ1c2VySUQiOjIwNzQ4LCJ1c2VybmFtZSI6IkRXUmlnQWN0aXZpdHkiLCJhcHBsaWNhdGlvbiI6bnVsbCwiYXBwbGljYXRpb25HVUlEIjoiMDdjZDYwOGItZjRiOC00ZGEwLWJhZGMtODc3YTQxMTQxMzhjIiwidXNlcklQIjoiMTcyLjE2LjE3LjE5MSIsImRldmljZU5hbWUiOm51bGx9.6IK-ITq87P22wzEyxR9iq4rm0rcPSKzDX1_oJQQ_mWw', 'accept': 'application/json'}
2023-06-14 06:20:18,826 ERROR Response <Response [200]>
2023-06-14 06:20:18,826 ERROR Sleeping for 1 seconds
2023-06-14 06:23:52,516 INFO Starting script
2023-06-14 06:24:01,708 ERROR Error sending request to server
2023-06-14 06:24:01,708 ERROR Query https://data.welldata.net/api/v1/jobs/net_178738/reports/daily/2
2023-06-14 06:24:01,708 ERROR Parameters {}
2023-06-14 06:24:01,708 ERROR Headers {'Token': 'net,eyJ0eXAiOiJKV1QiLCJhbGciOiJIUzI1NiJ9.eyJzYWx0IjoiNWEyYmZlNzUtNTgwZi00NTJmLWJiN2ItN2Y4YTY2OTFkMmJmIiwicHJpbmNpcGFsIjoiMjA3NDh8MjIyNHw0OjEyOjEzOjE0OjE1OjE4OjE5OjIxOjIyOjIzOjI0OjI1OjI2OjI3OjI4OjI5OjMwfERXUmlnQWN0aXZpdHl8ZW4tVVN8b3RoZXIgICAgICAgICAgfHVzZXJ8MzAiLCJ1c2VySUQiOjIwNzQ4LCJ1c2VybmFtZSI6IkRXUmlnQWN0aXZpdHkiLCJhcHBsaWNhdGlvbiI6bnVsbCwiYXBwbGljYXRpb25HVUlEIjoiMDdjZDYwOGItZjRiOC00ZGEwLWJhZGMtODc3YTQxMTQxMzhjIiwidXNlcklQIjoiMTcyLjE2LjE3LjE5MSIsImRldmljZU5hbWUiOm51bGx9.oapcT5zphXwSPLjTodl55sMuODyLVzHUKl0UZS59uIE', 'accept': 'application/json'}
2023-06-14 06:24:01,708 ERROR Response <Response [200]>
2023-06-14 06:24:01,708 ERROR Sleeping for 1 seconds
2023-06-14 06:24:34,404 ERROR Error sending request to server
2023-06-14 06:24:34,404 ERROR Query https://data.welldata.net/api/v1/jobs/net_181090/reports/daily/2
2023-06-14 06:24:34,404 ERROR Parameters {}
2023-06-14 06:24:34,404 ERROR Headers {'Token': 'net,eyJ0eXAiOiJKV1QiLCJhbGciOiJIUzI1NiJ9.eyJzYWx0IjoiNWEyYmZlNzUtNTgwZi00NTJmLWJiN2ItN2Y4YTY2OTFkMmJmIiwicHJpbmNpcGFsIjoiMjA3NDh8MjIyNHw0OjEyOjEzOjE0OjE1OjE4OjE5OjIxOjIyOjIzOjI0OjI1OjI2OjI3OjI4OjI5OjMwfERXUmlnQWN0aXZpdHl8ZW4tVVN8b3RoZXIgICAgICAgICAgfHVzZXJ8MzAiLCJ1c2VySUQiOjIwNzQ4LCJ1c2VybmFtZSI6IkRXUmlnQWN0aXZpdHkiLCJhcHBsaWNhdGlvbiI6bnVsbCwiYXBwbGljYXRpb25HVUlEIjoiMDdjZDYwOGItZjRiOC00ZGEwLWJhZGMtODc3YTQxMTQxMzhjIiwidXNlcklQIjoiMTcyLjE2LjE3LjE5MSIsImRldmljZU5hbWUiOm51bGx9.oapcT5zphXwSPLjTodl55sMuODyLVzHUKl0UZS59uIE', 'accept': 'application/json'}
2023-06-14 06:24:34,404 ERROR Response <Response [200]>
2023-06-14 06:24:34,404 ERROR Sleeping for 1 seconds
2023-06-14 06:30:39,565 INFO Starting script
2023-06-14 06:30:51,459 ERROR Error sending request to server
2023-06-14 06:30:51,460 ERROR Query https://data.welldata.net/api/v1/jobs/net_178738/reports/daily/2
2023-06-14 06:30:51,460 ERROR Parameters {}
2023-06-14 06:30:51,460 ERROR Headers {'Token': 'net,eyJ0eXAiOiJKV1QiLCJhbGciOiJIUzI1NiJ9.eyJzYWx0IjoiM2QzMTQ0ZGYtNGZjMC00NjBkLThlZDEtMzdhNThkMTg0ZGY5IiwicHJpbmNpcGFsIjoiMjA3NDh8MjIyNHw0OjEyOjEzOjE0OjE1OjE4OjE5OjIxOjIyOjIzOjI0OjI1OjI2OjI3OjI4OjI5OjMwfERXUmlnQWN0aXZpdHl8ZW4tVVN8b3RoZXIgICAgICAgICAgfHVzZXJ8MzAiLCJ1c2VySUQiOjIwNzQ4LCJ1c2VybmFtZSI6IkRXUmlnQWN0aXZpdHkiLCJhcHBsaWNhdGlvbiI6bnVsbCwiYXBwbGljYXRpb25HVUlEIjoiMDdjZDYwOGItZjRiOC00ZGEwLWJhZGMtODc3YTQxMTQxMzhjIiwidXNlcklQIjoiMTcyLjE2LjE2Ljg0IiwiZGV2aWNlTmFtZSI6bnVsbH0.GVu7ykTfqaIzjMPW09zDBOPbAaadrDHNkh-aijCZg90', 'accept': 'application/json'}
2023-06-14 06:30:51,460 ERROR Response <Response [200]>
2023-06-14 06:30:51,461 ERROR Sleeping for 1 seconds
2023-06-14 06:31:22,491 ERROR Error sending request to server
2023-06-14 06:31:22,491 ERROR Query https://data.welldata.net/api/v1/jobs/net_181090/reports/daily/2
2023-06-14 06:31:22,491 ERROR Parameters {}
2023-06-14 06:31:22,491 ERROR Headers {'Token': 'net,eyJ0eXAiOiJKV1QiLCJhbGciOiJIUzI1NiJ9.eyJzYWx0IjoiM2QzMTQ0ZGYtNGZjMC00NjBkLThlZDEtMzdhNThkMTg0ZGY5IiwicHJpbmNpcGFsIjoiMjA3NDh8MjIyNHw0OjEyOjEzOjE0OjE1OjE4OjE5OjIxOjIyOjIzOjI0OjI1OjI2OjI3OjI4OjI5OjMwfERXUmlnQWN0aXZpdHl8ZW4tVVN8b3RoZXIgICAgICAgICAgfHVzZXJ8MzAiLCJ1c2VySUQiOjIwNzQ4LCJ1c2VybmFtZSI6IkRXUmlnQWN0aXZpdHkiLCJhcHBsaWNhdGlvbiI6bnVsbCwiYXBwbGljYXRpb25HVUlEIjoiMDdjZDYwOGItZjRiOC00ZGEwLWJhZGMtODc3YTQxMTQxMzhjIiwidXNlcklQIjoiMTcyLjE2LjE2Ljg0IiwiZGV2aWNlTmFtZSI6bnVsbH0.GVu7ykTfqaIzjMPW09zDBOPbAaadrDHNkh-aijCZg90', 'accept': 'application/json'}
2023-06-14 06:31:22,491 ERROR Response <Response [200]>
2023-06-14 06:31:22,491 ERROR Sleeping for 1 seconds
2023-06-14 06:32:13,187 ERROR Error sending request to server
2023-06-14 06:32:13,187 ERROR Query https://data.welldata.net/api/v1/jobs/net_181770/reports/daily/2
2023-06-14 06:32:13,188 ERROR Parameters {}
2023-06-14 06:32:13,188 ERROR Headers {'Token': 'net,eyJ0eXAiOiJKV1QiLCJhbGciOiJIUzI1NiJ9.eyJzYWx0IjoiM2QzMTQ0ZGYtNGZjMC00NjBkLThlZDEtMzdhNThkMTg0ZGY5IiwicHJpbmNpcGFsIjoiMjA3NDh8MjIyNHw0OjEyOjEzOjE0OjE1OjE4OjE5OjIxOjIyOjIzOjI0OjI1OjI2OjI3OjI4OjI5OjMwfERXUmlnQWN0aXZpdHl8ZW4tVVN8b3RoZXIgICAgICAgICAgfHVzZXJ8MzAiLCJ1c2VySUQiOjIwNzQ4LCJ1c2VybmFtZSI6IkRXUmlnQWN0aXZpdHkiLCJhcHBsaWNhdGlvbiI6bnVsbCwiYXBwbGljYXRpb25HVUlEIjoiMDdjZDYwOGItZjRiOC00ZGEwLWJhZGMtODc3YTQxMTQxMzhjIiwidXNlcklQIjoiMTcyLjE2LjE2Ljg0IiwiZGV2aWNlTmFtZSI6bnVsbH0.GVu7ykTfqaIzjMPW09zDBOPbAaadrDHNkh-aijCZg90', 'accept': 'application/json'}
2023-06-14 06:32:13,188 ERROR Response <Response [200]>
2023-06-14 06:32:13,188 ERROR Sleeping for 1 seconds
2023-06-14 06:48:25,582 INFO Starting script
2023-06-14 06:48:43,730 ERROR Error sending request to server
2023-06-14 06:48:43,731 ERROR Query https://data.welldata.net/api/v1/jobs/net_178738/reports/daily/2
2023-06-14 06:48:43,731 ERROR Parameters {}
2023-06-14 06:48:43,731 ERROR Headers {'Token': 'net,eyJ0eXAiOiJKV1QiLCJhbGciOiJIUzI1NiJ9.eyJzYWx0IjoiMjNmODBmODItZTY0YS00ZGQ0LWFiMTctNGJjZmUzMDZlMjA0IiwicHJpbmNpcGFsIjoiMjA3NDh8MjIyNHw0OjEyOjEzOjE0OjE1OjE4OjE5OjIxOjIyOjIzOjI0OjI1OjI2OjI3OjI4OjI5OjMwfERXUmlnQWN0aXZpdHl8ZW4tVVN8b3RoZXIgICAgICAgICAgfHVzZXJ8MzAiLCJ1c2VySUQiOjIwNzQ4LCJ1c2VybmFtZSI6IkRXUmlnQWN0aXZpdHkiLCJhcHBsaWNhdGlvbiI6bnVsbCwiYXBwbGljYXRpb25HVUlEIjoiMDdjZDYwOGItZjRiOC00ZGEwLWJhZGMtODc3YTQxMTQxMzhjIiwidXNlcklQIjoiMTcyLjE2LjE2Ljg0IiwiZGV2aWNlTmFtZSI6bnVsbH0.ERthnkUc3L1MmxanvjGVewRslcRAZW_gZNwyF8Zqv6E', 'accept': 'application/json'}
2023-06-14 06:48:43,731 ERROR Response <Response [200]>
2023-06-14 06:48:43,731 ERROR Sleeping for 1 seconds
2023-06-14 06:49:31,273 ERROR Error sending request to server
2023-06-14 06:49:31,273 ERROR Query https://data.welldata.net/api/v1/jobs/net_181090/reports/daily/2
2023-06-14 06:49:31,274 ERROR Parameters {}
2023-06-14 06:49:31,274 ERROR Headers {'Token': 'net,eyJ0eXAiOiJKV1QiLCJhbGciOiJIUzI1NiJ9.eyJzYWx0IjoiMjNmODBmODItZTY0YS00ZGQ0LWFiMTctNGJjZmUzMDZlMjA0IiwicHJpbmNpcGFsIjoiMjA3NDh8MjIyNHw0OjEyOjEzOjE0OjE1OjE4OjE5OjIxOjIyOjIzOjI0OjI1OjI2OjI3OjI4OjI5OjMwfERXUmlnQWN0aXZpdHl8ZW4tVVN8b3RoZXIgICAgICAgICAgfHVzZXJ8MzAiLCJ1c2VySUQiOjIwNzQ4LCJ1c2VybmFtZSI6IkRXUmlnQWN0aXZpdHkiLCJhcHBsaWNhdGlvbiI6bnVsbCwiYXBwbGljYXRpb25HVUlEIjoiMDdjZDYwOGItZjRiOC00ZGEwLWJhZGMtODc3YTQxMTQxMzhjIiwidXNlcklQIjoiMTcyLjE2LjE2Ljg0IiwiZGV2aWNlTmFtZSI6bnVsbH0.ERthnkUc3L1MmxanvjGVewRslcRAZW_gZNwyF8Zqv6E', 'accept': 'application/json'}
2023-06-14 06:49:31,274 ERROR Response <Response [200]>
2023-06-14 06:49:31,274 ERROR Sleeping for 1 seconds
2023-06-14 06:50:19,548 ERROR Error sending request to server
2023-06-14 06:50:19,548 ERROR Query https://data.welldata.net/api/v1/jobs/net_181770/reports/daily/2
2023-06-14 06:50:19,549 ERROR Parameters {}
2023-06-14 06:50:19,549 ERROR Headers {'Token': 'net,eyJ0eXAiOiJKV1QiLCJhbGciOiJIUzI1NiJ9.eyJzYWx0IjoiMjNmODBmODItZTY0YS00ZGQ0LWFiMTctNGJjZmUzMDZlMjA0IiwicHJpbmNpcGFsIjoiMjA3NDh8MjIyNHw0OjEyOjEzOjE0OjE1OjE4OjE5OjIxOjIyOjIzOjI0OjI1OjI2OjI3OjI4OjI5OjMwfERXUmlnQWN0aXZpdHl8ZW4tVVN8b3RoZXIgICAgICAgICAgfHVzZXJ8MzAiLCJ1c2VySUQiOjIwNzQ4LCJ1c2VybmFtZSI6IkRXUmlnQWN0aXZpdHkiLCJhcHBsaWNhdGlvbiI6bnVsbCwiYXBwbGljYXRpb25HVUlEIjoiMDdjZDYwOGItZjRiOC00ZGEwLWJhZGMtODc3YTQxMTQxMzhjIiwidXNlcklQIjoiMTcyLjE2LjE2Ljg0IiwiZGV2aWNlTmFtZSI6bnVsbH0.ERthnkUc3L1MmxanvjGVewRslcRAZW_gZNwyF8Zqv6E', 'accept': 'application/json'}
2023-06-14 06:50:19,549 ERROR Response <Response [200]>
2023-06-14 06:50:19,549 ERROR Sleeping for 1 seconds
2023-06-14 06:52:38,552 INFO Starting script
2023-06-14 09:44:54,066 INFO Starting script
2023-06-15 06:35:11,515 INFO Starting script
2023-06-15 06:35:25,724 ERROR Error sending request to server
2023-06-15 06:35:25,724 ERROR Query https://data.welldata.net/api/v1/jobs/net_178738/reports/daily/2
2023-06-15 06:35:25,725 ERROR Parameters {}
2023-06-15 06:35:25,725 ERROR Headers {'Token': 'net,eyJ0eXAiOiJKV1QiLCJhbGciOiJIUzI1NiJ9.eyJzYWx0IjoiN2E0NmE3N2QtOWE2Yi00OTY3LTkyZGMtMGRiNjk0Y2VkZTY2IiwicHJpbmNpcGFsIjoiMjA3NDh8MjIyNHw0OjEyOjEzOjE0OjE1OjE4OjE5OjIxOjIyOjIzOjI0OjI1OjI2OjI3OjI4OjI5OjMwfERXUmlnQWN0aXZpdHl8ZW4tVVN8b3RoZXIgICAgICAgICAgfHVzZXJ8MzAiLCJ1c2VySUQiOjIwNzQ4LCJ1c2VybmFtZSI6IkRXUmlnQWN0aXZpdHkiLCJhcHBsaWNhdGlvbiI6bnVsbCwiYXBwbGljYXRpb25HVUlEIjoiMDdjZDYwOGItZjRiOC00ZGEwLWJhZGMtODc3YTQxMTQxMzhjIiwidXNlcklQIjoiMTcyLjE2LjE2Ljg0IiwiZGV2aWNlTmFtZSI6bnVsbH0.2fDAwRgHAEhsBZMlIEJZYP9aW3Mm33AjWiT6nBNf8PQ', 'accept': 'application/json'}
2023-06-15 06:35:25,725 ERROR Response <Response [200]>
2023-06-15 06:35:25,725 ERROR Sleeping for 1 seconds
2023-06-15 06:36:08,498 ERROR Error sending request to server
2023-06-15 06:36:08,498 ERROR Query https://data.welldata.net/api/v1/jobs/net_181090/reports/daily/2
2023-06-15 06:36:08,498 ERROR Parameters {}
2023-06-15 06:36:08,498 ERROR Headers {'Token': 'net,eyJ0eXAiOiJKV1QiLCJhbGciOiJIUzI1NiJ9.eyJzYWx0IjoiN2E0NmE3N2QtOWE2Yi00OTY3LTkyZGMtMGRiNjk0Y2VkZTY2IiwicHJpbmNpcGFsIjoiMjA3NDh8MjIyNHw0OjEyOjEzOjE0OjE1OjE4OjE5OjIxOjIyOjIzOjI0OjI1OjI2OjI3OjI4OjI5OjMwfERXUmlnQWN0aXZpdHl8ZW4tVVN8b3RoZXIgICAgICAgICAgfHVzZXJ8MzAiLCJ1c2VySUQiOjIwNzQ4LCJ1c2VybmFtZSI6IkRXUmlnQWN0aXZpdHkiLCJhcHBsaWNhdGlvbiI6bnVsbCwiYXBwbGljYXRpb25HVUlEIjoiMDdjZDYwOGItZjRiOC00ZGEwLWJhZGMtODc3YTQxMTQxMzhjIiwidXNlcklQIjoiMTcyLjE2LjE2Ljg0IiwiZGV2aWNlTmFtZSI6bnVsbH0.2fDAwRgHAEhsBZMlIEJZYP9aW3Mm33AjWiT6nBNf8PQ', 'accept': 'application/json'}
2023-06-15 06:36:08,498 ERROR Response <Response [200]>
2023-06-15 06:36:08,499 ERROR Sleeping for 1 seconds
2023-06-15 06:37:07,352 ERROR Error sending request to server
2023-06-15 06:37:07,353 ERROR Query https://data.welldata.net/api/v1/jobs/net_181770/reports/daily/2
2023-06-15 06:37:07,353 ERROR Parameters {}
2023-06-15 06:37:07,353 ERROR Headers {'Token': 'net,eyJ0eXAiOiJKV1QiLCJhbGciOiJIUzI1NiJ9.eyJzYWx0IjoiN2E0NmE3N2QtOWE2Yi00OTY3LTkyZGMtMGRiNjk0Y2VkZTY2IiwicHJpbmNpcGFsIjoiMjA3NDh8MjIyNHw0OjEyOjEzOjE0OjE1OjE4OjE5OjIxOjIyOjIzOjI0OjI1OjI2OjI3OjI4OjI5OjMwfERXUmlnQWN0aXZpdHl8ZW4tVVN8b3RoZXIgICAgICAgICAgfHVzZXJ8MzAiLCJ1c2VySUQiOjIwNzQ4LCJ1c2VybmFtZSI6IkRXUmlnQWN0aXZpdHkiLCJhcHBsaWNhdGlvbiI6bnVsbCwiYXBwbGljYXRpb25HVUlEIjoiMDdjZDYwOGItZjRiOC00ZGEwLWJhZGMtODc3YTQxMTQxMzhjIiwidXNlcklQIjoiMTcyLjE2LjE2Ljg0IiwiZGV2aWNlTmFtZSI6bnVsbH0.2fDAwRgHAEhsBZMlIEJZYP9aW3Mm33AjWiT6nBNf8PQ', 'accept': 'application/json'}
2023-06-15 06:37:07,353 ERROR Response <Response [200]>
2023-06-15 06:37:07,353 ERROR Sleeping for 1 seconds
2023-06-15 06:42:59,074 INFO Starting script
2023-06-15 06:43:09,140 ERROR Error sending request to server
2023-06-15 06:43:09,140 ERROR Query https://data.welldata.net/api/v1/jobs/net_178738/reports/daily/2
2023-06-15 06:43:09,140 ERROR Parameters {}
2023-06-15 06:43:09,140 ERROR Headers {'Token': 'net,eyJ0eXAiOiJKV1QiLCJhbGciOiJIUzI1NiJ9.eyJzYWx0IjoiNTZkNDBjZTEtNThkYS00MTBmLWIwODEtZTcxNzY2OGI2NjRiIiwicHJpbmNpcGFsIjoiMjA3NDh8MjIyNHw0OjEyOjEzOjE0OjE1OjE4OjE5OjIxOjIyOjIzOjI0OjI1OjI2OjI3OjI4OjI5OjMwfERXUmlnQWN0aXZpdHl8ZW4tVVN8b3RoZXIgICAgICAgICAgfHVzZXJ8MzAiLCJ1c2VySUQiOjIwNzQ4LCJ1c2VybmFtZSI6IkRXUmlnQWN0aXZpdHkiLCJhcHBsaWNhdGlvbiI6bnVsbCwiYXBwbGljYXRpb25HVUlEIjoiMDdjZDYwOGItZjRiOC00ZGEwLWJhZGMtODc3YTQxMTQxMzhjIiwidXNlcklQIjoiMTcyLjE2LjE3LjE5MSIsImRldmljZU5hbWUiOm51bGx9.Ajh0WwAYlS7GZbBsJPAL8cAC4qdCoUVsy_IwEohOK8I', 'accept': 'application/json'}
2023-06-15 06:43:09,140 ERROR Response <Response [200]>
2023-06-15 06:43:09,141 ERROR Sleeping for 1 seconds
2023-06-15 06:44:26,096 ERROR Error sending request to server
2023-06-15 06:44:26,097 ERROR Query https://data.welldata.net/api/v1/jobs/net_181090/reports/daily/2
2023-06-15 06:44:26,097 ERROR Parameters {}
2023-06-15 06:44:26,097 ERROR Headers {'Token': 'net,eyJ0eXAiOiJKV1QiLCJhbGciOiJIUzI1NiJ9.eyJzYWx0IjoiNTZkNDBjZTEtNThkYS00MTBmLWIwODEtZTcxNzY2OGI2NjRiIiwicHJpbmNpcGFsIjoiMjA3NDh8MjIyNHw0OjEyOjEzOjE0OjE1OjE4OjE5OjIxOjIyOjIzOjI0OjI1OjI2OjI3OjI4OjI5OjMwfERXUmlnQWN0aXZpdHl8ZW4tVVN8b3RoZXIgICAgICAgICAgfHVzZXJ8MzAiLCJ1c2VySUQiOjIwNzQ4LCJ1c2VybmFtZSI6IkRXUmlnQWN0aXZpdHkiLCJhcHBsaWNhdGlvbiI6bnVsbCwiYXBwbGljYXRpb25HVUlEIjoiMDdjZDYwOGItZjRiOC00ZGEwLWJhZGMtODc3YTQxMTQxMzhjIiwidXNlcklQIjoiMTcyLjE2LjE3LjE5MSIsImRldmljZU5hbWUiOm51bGx9.Ajh0WwAYlS7GZbBsJPAL8cAC4qdCoUVsy_IwEohOK8I', 'accept': 'application/json'}
2023-06-15 06:44:26,097 ERROR Response <Response [200]>
2023-06-15 06:44:26,097 ERROR Sleeping for 1 seconds
2023-06-15 06:45:46,707 ERROR Error sending request to server
2023-06-15 06:45:46,708 ERROR Query https://data.welldata.net/api/v1/jobs/net_181770/reports/daily/2
2023-06-15 06:45:46,708 ERROR Parameters {}
2023-06-15 06:45:46,708 ERROR Headers {'Token': 'net,eyJ0eXAiOiJKV1QiLCJhbGciOiJIUzI1NiJ9.eyJzYWx0IjoiNTZkNDBjZTEtNThkYS00MTBmLWIwODEtZTcxNzY2OGI2NjRiIiwicHJpbmNpcGFsIjoiMjA3NDh8MjIyNHw0OjEyOjEzOjE0OjE1OjE4OjE5OjIxOjIyOjIzOjI0OjI1OjI2OjI3OjI4OjI5OjMwfERXUmlnQWN0aXZpdHl8ZW4tVVN8b3RoZXIgICAgICAgICAgfHVzZXJ8MzAiLCJ1c2VySUQiOjIwNzQ4LCJ1c2VybmFtZSI6IkRXUmlnQWN0aXZpdHkiLCJhcHBsaWNhdGlvbiI6bnVsbCwiYXBwbGljYXRpb25HVUlEIjoiMDdjZDYwOGItZjRiOC00ZGEwLWJhZGMtODc3YTQxMTQxMzhjIiwidXNlcklQIjoiMTcyLjE2LjE3LjE5MSIsImRldmljZU5hbWUiOm51bGx9.Ajh0WwAYlS7GZbBsJPAL8cAC4qdCoUVsy_IwEohOK8I', 'accept': 'application/json'}
2023-06-15 06:45:46,708 ERROR Response <Response [200]>
2023-06-15 06:45:46,708 ERROR Sleeping for 1 seconds
2023-06-15 06:48:28,436 ERROR Error sending request to server
2023-06-15 06:48:28,437 ERROR Query https://data.welldata.net/api/v1/jobs/net_182581/reports/daily/2
2023-06-15 06:48:28,437 ERROR Parameters {}
2023-06-15 06:48:28,437 ERROR Headers {'Token': 'net,eyJ0eXAiOiJKV1QiLCJhbGciOiJIUzI1NiJ9.eyJzYWx0IjoiNTZkNDBjZTEtNThkYS00MTBmLWIwODEtZTcxNzY2OGI2NjRiIiwicHJpbmNpcGFsIjoiMjA3NDh8MjIyNHw0OjEyOjEzOjE0OjE1OjE4OjE5OjIxOjIyOjIzOjI0OjI1OjI2OjI3OjI4OjI5OjMwfERXUmlnQWN0aXZpdHl8ZW4tVVN8b3RoZXIgICAgICAgICAgfHVzZXJ8MzAiLCJ1c2VySUQiOjIwNzQ4LCJ1c2VybmFtZSI6IkRXUmlnQWN0aXZpdHkiLCJhcHBsaWNhdGlvbiI6bnVsbCwiYXBwbGljYXRpb25HVUlEIjoiMDdjZDYwOGItZjRiOC00ZGEwLWJhZGMtODc3YTQxMTQxMzhjIiwidXNlcklQIjoiMTcyLjE2LjE3LjE5MSIsImRldmljZU5hbWUiOm51bGx9.Ajh0WwAYlS7GZbBsJPAL8cAC4qdCoUVsy_IwEohOK8I', 'accept': 'application/json'}
2023-06-15 06:48:28,437 ERROR Response <Response [200]>
2023-06-15 06:48:28,437 ERROR Sleeping for 1 seconds
2023-06-15 06:48:47,247 INFO Starting script
2023-06-16 06:36:35,066 INFO Starting script
2023-06-16 06:36:47,562 ERROR Error sending request to server
2023-06-16 06:36:47,562 ERROR Query https://data.welldata.net/api/v1/jobs/net_178738/reports/daily/2
2023-06-16 06:36:47,562 ERROR Parameters {}
2023-06-16 06:36:47,562 ERROR Headers {'Token': 'net,eyJ0eXAiOiJKV1QiLCJhbGciOiJIUzI1NiJ9.eyJzYWx0IjoiZGI1NmM4MzctZmEwMy00OWE4LTg3NDctODZkNDVkMzliMGMyIiwicHJpbmNpcGFsIjoiMjA3NDh8MjIyNHw0OjEyOjEzOjE0OjE1OjE4OjE5OjIxOjIyOjIzOjI0OjI1OjI2OjI3OjI4OjI5OjMwfERXUmlnQWN0aXZpdHl8ZW4tVVN8b3RoZXIgICAgICAgICAgfHVzZXJ8MzAiLCJ1c2VySUQiOjIwNzQ4LCJ1c2VybmFtZSI6IkRXUmlnQWN0aXZpdHkiLCJhcHBsaWNhdGlvbiI6bnVsbCwiYXBwbGljYXRpb25HVUlEIjoiMDdjZDYwOGItZjRiOC00ZGEwLWJhZGMtODc3YTQxMTQxMzhjIiwidXNlcklQIjoiMTcyLjE2LjE2Ljg0IiwiZGV2aWNlTmFtZSI6bnVsbH0.2Y5s4XV5qfAUkueJNdoU3f_tkhJk8G9R1sOsy7SIowA', 'accept': 'application/json'}
2023-06-16 06:36:47,562 ERROR Response <Response [200]>
2023-06-16 06:36:47,562 ERROR Sleeping for 1 seconds
2023-06-16 06:37:40,055 ERROR Error sending request to server
2023-06-16 06:37:40,056 ERROR Query https://data.welldata.net/api/v1/jobs/net_181090/reports/daily/2
2023-06-16 06:37:40,056 ERROR Parameters {}
2023-06-16 06:37:40,056 ERROR Headers {'Token': 'net,eyJ0eXAiOiJKV1QiLCJhbGciOiJIUzI1NiJ9.eyJzYWx0IjoiZGI1NmM4MzctZmEwMy00OWE4LTg3NDctODZkNDVkMzliMGMyIiwicHJpbmNpcGFsIjoiMjA3NDh8MjIyNHw0OjEyOjEzOjE0OjE1OjE4OjE5OjIxOjIyOjIzOjI0OjI1OjI2OjI3OjI4OjI5OjMwfERXUmlnQWN0aXZpdHl8ZW4tVVN8b3RoZXIgICAgICAgICAgfHVzZXJ8MzAiLCJ1c2VySUQiOjIwNzQ4LCJ1c2VybmFtZSI6IkRXUmlnQWN0aXZpdHkiLCJhcHBsaWNhdGlvbiI6bnVsbCwiYXBwbGljYXRpb25HVUlEIjoiMDdjZDYwOGItZjRiOC00ZGEwLWJhZGMtODc3YTQxMTQxMzhjIiwidXNlcklQIjoiMTcyLjE2LjE2Ljg0IiwiZGV2aWNlTmFtZSI6bnVsbH0.2Y5s4XV5qfAUkueJNdoU3f_tkhJk8G9R1sOsy7SIowA', 'accept': 'application/json'}
2023-06-16 06:37:40,057 ERROR Response <Response [200]>
2023-06-16 06:37:40,057 ERROR Sleeping for 1 seconds
2023-06-16 06:38:30,922 ERROR Error sending request to server
2023-06-16 06:38:30,923 ERROR Query https://data.welldata.net/api/v1/jobs/net_181770/reports/daily/2
2023-06-16 06:38:30,923 ERROR Parameters {}
2023-06-16 06:38:30,923 ERROR Headers {'Token': 'net,eyJ0eXAiOiJKV1QiLCJhbGciOiJIUzI1NiJ9.eyJzYWx0IjoiZGI1NmM4MzctZmEwMy00OWE4LTg3NDctODZkNDVkMzliMGMyIiwicHJpbmNpcGFsIjoiMjA3NDh8MjIyNHw0OjEyOjEzOjE0OjE1OjE4OjE5OjIxOjIyOjIzOjI0OjI1OjI2OjI3OjI4OjI5OjMwfERXUmlnQWN0aXZpdHl8ZW4tVVN8b3RoZXIgICAgICAgICAgfHVzZXJ8MzAiLCJ1c2VySUQiOjIwNzQ4LCJ1c2VybmFtZSI6IkRXUmlnQWN0aXZpdHkiLCJhcHBsaWNhdGlvbiI6bnVsbCwiYXBwbGljYXRpb25HVUlEIjoiMDdjZDYwOGItZjRiOC00ZGEwLWJhZGMtODc3YTQxMTQxMzhjIiwidXNlcklQIjoiMTcyLjE2LjE2Ljg0IiwiZGV2aWNlTmFtZSI6bnVsbH0.2Y5s4XV5qfAUkueJNdoU3f_tkhJk8G9R1sOsy7SIowA', 'accept': 'application/json'}
2023-06-16 06:38:30,923 ERROR Response <Response [200]>
2023-06-16 06:38:30,923 ERROR Sleeping for 1 seconds
2023-06-16 06:40:18,902 ERROR Error sending request to server
2023-06-16 06:40:18,902 ERROR Query https://data.welldata.net/api/v1/jobs/net_182602/reports/daily/2
2023-06-16 06:40:18,902 ERROR Parameters {}
2023-06-16 06:40:18,902 ERROR Headers {'Token': 'net,eyJ0eXAiOiJKV1QiLCJhbGciOiJIUzI1NiJ9.eyJzYWx0IjoiZGI1NmM4MzctZmEwMy00OWE4LTg3NDctODZkNDVkMzliMGMyIiwicHJpbmNpcGFsIjoiMjA3NDh8MjIyNHw0OjEyOjEzOjE0OjE1OjE4OjE5OjIxOjIyOjIzOjI0OjI1OjI2OjI3OjI4OjI5OjMwfERXUmlnQWN0aXZpdHl8ZW4tVVN8b3RoZXIgICAgICAgICAgfHVzZXJ8MzAiLCJ1c2VySUQiOjIwNzQ4LCJ1c2VybmFtZSI6IkRXUmlnQWN0aXZpdHkiLCJhcHBsaWNhdGlvbiI6bnVsbCwiYXBwbGljYXRpb25HVUlEIjoiMDdjZDYwOGItZjRiOC00ZGEwLWJhZGMtODc3YTQxMTQxMzhjIiwidXNlcklQIjoiMTcyLjE2LjE2Ljg0IiwiZGV2aWNlTmFtZSI6bnVsbH0.2Y5s4XV5qfAUkueJNdoU3f_tkhJk8G9R1sOsy7SIowA', 'accept': 'application/json'}
2023-06-16 06:40:18,902 ERROR Response <Response [200]>
2023-06-16 06:40:18,902 ERROR Sleeping for 1 seconds
2023-06-16 06:40:22,254 ERROR Error sending request to server
2023-06-16 06:40:22,256 ERROR Query https://data.welldata.net/api/v1/jobs/net_182613/reports/daily/2
2023-06-16 06:40:22,256 ERROR Parameters {}
2023-06-16 06:40:22,257 ERROR Headers {'Token': 'net,eyJ0eXAiOiJKV1QiLCJhbGciOiJIUzI1NiJ9.eyJzYWx0IjoiZGI1NmM4MzctZmEwMy00OWE4LTg3NDctODZkNDVkMzliMGMyIiwicHJpbmNpcGFsIjoiMjA3NDh8MjIyNHw0OjEyOjEzOjE0OjE1OjE4OjE5OjIxOjIyOjIzOjI0OjI1OjI2OjI3OjI4OjI5OjMwfERXUmlnQWN0aXZpdHl8ZW4tVVN8b3RoZXIgICAgICAgICAgfHVzZXJ8MzAiLCJ1c2VySUQiOjIwNzQ4LCJ1c2VybmFtZSI6IkRXUmlnQWN0aXZpdHkiLCJhcHBsaWNhdGlvbiI6bnVsbCwiYXBwbGljYXRpb25HVUlEIjoiMDdjZDYwOGItZjRiOC00ZGEwLWJhZGMtODc3YTQxMTQxMzhjIiwidXNlcklQIjoiMTcyLjE2LjE2Ljg0IiwiZGV2aWNlTmFtZSI6bnVsbH0.2Y5s4XV5qfAUkueJNdoU3f_tkhJk8G9R1sOsy7SIowA', 'accept': 'application/json'}
2023-06-16 06:40:22,257 ERROR Response <Response [200]>
2023-06-16 06:40:22,257 ERROR Sleeping for 1 seconds
2023-06-16 06:40:30,927 ERROR Error sending request to server
2023-06-16 06:40:30,927 ERROR Query https://data.welldata.net/api/v1/jobs/net_182630/reports/daily/2
2023-06-16 06:40:30,927 ERROR Parameters {}
2023-06-16 06:40:30,927 ERROR Headers {'Token': 'net,eyJ0eXAiOiJKV1QiLCJhbGciOiJIUzI1NiJ9.eyJzYWx0IjoiZGI1NmM4MzctZmEwMy00OWE4LTg3NDctODZkNDVkMzliMGMyIiwicHJpbmNpcGFsIjoiMjA3NDh8MjIyNHw0OjEyOjEzOjE0OjE1OjE4OjE5OjIxOjIyOjIzOjI0OjI1OjI2OjI3OjI4OjI5OjMwfERXUmlnQWN0aXZpdHl8ZW4tVVN8b3RoZXIgICAgICAgICAgfHVzZXJ8MzAiLCJ1c2VySUQiOjIwNzQ4LCJ1c2VybmFtZSI6IkRXUmlnQWN0aXZpdHkiLCJhcHBsaWNhdGlvbiI6bnVsbCwiYXBwbGljYXRpb25HVUlEIjoiMDdjZDYwOGItZjRiOC00ZGEwLWJhZGMtODc3YTQxMTQxMzhjIiwidXNlcklQIjoiMTcyLjE2LjE2Ljg0IiwiZGV2aWNlTmFtZSI6bnVsbH0.2Y5s4XV5qfAUkueJNdoU3f_tkhJk8G9R1sOsy7SIowA', 'accept': 'application/json'}
2023-06-16 06:40:30,927 ERROR Response <Response [200]>
2023-06-16 06:40:30,927 ERROR Sleeping for 1 seconds
2023-06-16 06:40:39,773 INFO Starting script
